/var/spool/slurm/job49372699/slurm_script: line 13: export: `tcp,': not a valid identifier
================================================================================
AMD Zen HPL 2023_07_18
================================================================================
Dervied from:
HPLinpack 2.3  --  High-Performance Linpack benchmark  --   December 2, 2018
Written by A. Petitet and R. Clint Whaley,  Innovative Computing Laboratory, UTK
Modified by Piotr Luszczek, Innovative Computing Laboratory, UTK
Modified by Julien Langou, University of Colorado Denver
================================================================================

An explanation of the input/output parameters follows:
T/V    : Wall time / encoded variant.
N      : The order of the coefficient matrix A.
NB     : The partitioning blocking factor.
P      : The number of process rows.
Q      : The number of process columns.
Time   : Time in seconds to solve the linear system.
Gflops : Rate of execution for solving the linear system.

The following parameter values will be used:

N      :  177856 
NB     :     224 
PMAP   : Row-major process mapping
P      :       1 
Q      :       2 
PFACT  :   Crout 
NBMIN  :      30 
NDIV   :       8 
RFACT  :   Right 
BCAST  :  HybBcast 
DEPTH  :       1 
SWAP   : (211) Spread-roll
L1     : transposed form
A      : no-transposed form (ColMajor)
EQUIL  : no
ALIGN  : 8 double precision words
MXSWP  : (1/c) Collective 

--------------------------------------------------------------------------------

- The matrix A is randomly generated for each test.
- The following scaled residual check will be computed:
      ||Ax-b||_oo / ( eps * ( || x ||_oo * || A ||_oo + || b ||_oo ) * N )
- The relative machine precision (eps) is taken to be               1.110223e-16
- Computational tests pass if scaled residuals are less than                16.0

Failed to open cycle counter.  Clock Speed will not report.
   Column Complete      eFreq     Cur Rate     Est Rate
000000224     0.1%   0.000Ghz   9.9148e+04   9.9148e+04
000000448     0.3%   0.000Ghz   1.5692e+03   3.0933e+03
000000672     0.4%   0.000Ghz   1.4440e+03   2.2419e+03
000000896     0.5%   0.000Ghz   1.5318e+03   2.0099e+03
000001120     0.6%   0.000Ghz   1.6141e+03   1.9163e+03
000001344     0.8%   0.000Ghz   1.6307e+03   1.8623e+03
000001568     0.9%   0.000Ghz   1.5746e+03   1.8153e+03
000001792     1.0%   0.000Ghz   1.4559e+03   1.7614e+03
000002016     1.1%   0.000Ghz   1.6089e+03   1.7432e+03
000002240     1.3%   0.000Ghz   1.4395e+03   1.7076e+03
000002464     1.4%   0.000Ghz   1.4627e+03   1.6823e+03
000002688     1.5%   0.000Ghz   1.5422e+03   1.6699e+03
000002912     1.6%   0.000Ghz   1.5487e+03   1.6600e+03
000003136     1.8%   0.000Ghz   1.5765e+03   1.6539e+03
000003360     1.9%   0.000Ghz   1.4999e+03   1.6428e+03
000003584     2.0%   0.000Ghz   1.4034e+03   1.6258e+03
000003808     2.1%   0.000Ghz   1.5858e+03   1.6235e+03
000004032     2.3%   0.000Ghz   1.6273e+03   1.6237e+03
000004256     2.4%   0.000Ghz   1.4685e+03   1.6149e+03
000004480     2.5%   0.000Ghz   1.4154e+03   1.6039e+03
000004704     2.6%   0.000Ghz   1.5009e+03   1.5988e+03
000004928     2.8%   0.000Ghz   1.5589e+03   1.5970e+03
000005152     2.9%   0.000Ghz   1.4196e+03   1.5886e+03
000005376     3.0%   0.000Ghz   1.6291e+03   1.5902e+03
000005600     3.1%   0.000Ghz   1.5470e+03   1.5885e+03
000005824     3.3%   0.000Ghz   1.5715e+03   1.5878e+03
000006048     3.4%   0.000Ghz   1.6053e+03   1.5884e+03
000006272     3.5%   0.000Ghz   1.3227e+03   1.5775e+03
000006496     3.7%   0.000Ghz   1.5964e+03   1.5781e+03
000006720     3.8%   0.000Ghz   1.4300e+03   1.5729e+03
000006944     3.9%   0.000Ghz   1.5689e+03   1.5728e+03
000007168     4.0%   0.000Ghz   1.4287e+03   1.5680e+03
000007392     4.2%   0.000Ghz   1.6079e+03   1.5692e+03
000007616     4.3%   0.000Ghz   1.5871e+03   1.5697e+03
000007840     4.4%   0.000Ghz   1.6033e+03   1.5706e+03
000008064     4.5%   0.000Ghz   1.3326e+03   1.5632e+03
000008288     4.7%   0.000Ghz   1.5413e+03   1.5626e+03
000008512     4.8%   0.000Ghz   1.5708e+03   1.5628e+03
000008736     4.9%   0.000Ghz   1.5854e+03   1.5633e+03
000008960     5.0%   0.000Ghz   1.4959e+03   1.5617e+03
000009184     5.2%   0.000Ghz   1.6084e+03   1.5627e+03
000009408     5.3%   0.000Ghz   1.3141e+03   1.5561e+03
000009632     5.4%   0.000Ghz   1.5744e+03   1.5565e+03
000009856     5.5%   0.000Ghz   1.4074e+03   1.5529e+03
000010080     5.7%   0.000Ghz   1.5636e+03   1.5532e+03
000010304     5.8%   0.000Ghz   1.6291e+03   1.5546e+03
000010528     5.9%   0.000Ghz   1.6108e+03   1.5557e+03
000010752     6.0%   0.000Ghz   1.5946e+03   1.5565e+03
000010976     6.2%   0.000Ghz   1.5268e+03   1.5559e+03
000011200     6.3%   0.000Ghz   1.5691e+03   1.5561e+03
000011424     6.4%   0.000Ghz   1.4267e+03   1.5536e+03
000011648     6.5%   0.000Ghz   1.5060e+03   1.5527e+03
000011872     6.7%   0.000Ghz   1.5970e+03   1.5534e+03
000012096     6.8%   0.000Ghz   1.4662e+03   1.5518e+03
000012320     6.9%   0.000Ghz   1.3534e+03   1.5480e+03
000012544     7.1%   0.000Ghz   1.5237e+03   1.5476e+03
000012768     7.2%   0.000Ghz   1.6041e+03   1.5485e+03
000012992     7.3%   0.000Ghz   1.5878e+03   1.5491e+03
000013216     7.4%   0.000Ghz   1.6157e+03   1.5501e+03
000013440     7.6%   0.000Ghz   1.2967e+03   1.5454e+03
000013664     7.7%   0.000Ghz   1.5372e+03   1.5453e+03
000013888     7.8%   0.000Ghz   1.5716e+03   1.5457e+03
000014112     7.9%   0.000Ghz   1.5695e+03   1.5460e+03
000014336     8.1%   0.000Ghz   1.5640e+03   1.5463e+03
000014560     8.2%   0.000Ghz   1.6122e+03   1.5472e+03
000014784     8.3%   0.000Ghz   1.4536e+03   1.5458e+03
000015008     8.4%   0.000Ghz   1.5921e+03   1.5464e+03
000015232     8.6%   0.000Ghz   1.2520e+03   1.5416e+03
000015456     8.7%   0.000Ghz   1.6339e+03   1.5427e+03
000015680     8.8%   0.000Ghz   1.3327e+03   1.5396e+03
000015904     8.9%   0.000Ghz   1.6371e+03   1.5407e+03
000016128     9.1%   0.000Ghz   1.4866e+03   1.5400e+03
000016352     9.2%   0.000Ghz   1.5480e+03   1.5401e+03
000016576     9.3%   0.000Ghz   1.3725e+03   1.5378e+03
000016800     9.4%   0.000Ghz   1.5708e+03   1.5382e+03
000017024     9.6%   0.000Ghz   1.5027e+03   1.5378e+03
000017248     9.7%   0.000Ghz   1.6111e+03   1.5386e+03
000017472     9.8%   0.000Ghz   1.4264e+03   1.5372e+03
000017696     9.9%   0.000Ghz   1.6016e+03   1.5379e+03
000017920    10.1%   0.000Ghz   1.4347e+03   1.5367e+03
000018144    10.2%   0.000Ghz   1.6241e+03   1.5376e+03
000018368    10.3%   0.000Ghz   1.2378e+03   1.5335e+03
000018592    10.5%   0.000Ghz   1.6168e+03   1.5344e+03
000018816    10.6%   0.000Ghz   1.5803e+03   1.5349e+03
000019040    10.7%   0.000Ghz   1.5576e+03   1.5351e+03
000019264    10.8%   0.000Ghz   1.5815e+03   1.5356e+03
000019488    11.0%   0.000Ghz   1.5696e+03   1.5359e+03
000019712    11.1%   0.000Ghz   1.2904e+03   1.5330e+03
000019936    11.2%   0.000Ghz   1.6215e+03   1.5338e+03
000020160    11.3%   0.000Ghz   1.5863e+03   1.5343e+03
000020384    11.5%   0.000Ghz   1.6002e+03   1.5349e+03
000020608    11.6%   0.000Ghz   1.4406e+03   1.5339e+03
000020832    11.7%   0.000Ghz   1.6236e+03   1.5347e+03
000021056    11.8%   0.000Ghz   1.2992e+03   1.5322e+03
000021280    12.0%   0.000Ghz   1.6265e+03   1.5330e+03
000021504    12.1%   0.000Ghz   1.6005e+03   1.5336e+03
000021728    12.2%   0.000Ghz   1.5670e+03   1.5339e+03
000021952    12.3%   0.000Ghz   1.5990e+03   1.5344e+03
000022176    12.5%   0.000Ghz   1.5564e+03   1.5346e+03
000022400    12.6%   0.000Ghz   1.3328e+03   1.5326e+03
000022624    12.7%   0.000Ghz   1.5727e+03   1.5329e+03
000022848    12.8%   0.000Ghz   1.5370e+03   1.5330e+03
000023072    13.0%   0.000Ghz   1.6185e+03   1.5336e+03
000023296    13.1%   0.000Ghz   1.1639e+03   1.5296e+03
000023520    13.2%   0.000Ghz   1.5760e+03   1.5300e+03
000023744    13.4%   0.000Ghz   1.2468e+03   1.5271e+03
000023968    13.5%   0.000Ghz   1.3782e+03   1.5258e+03
000024192    13.6%   0.000Ghz   1.4896e+03   1.5255e+03
000024416    13.7%   0.000Ghz   1.5668e+03   1.5258e+03
000024640    13.9%   0.000Ghz   1.6188e+03   1.5265e+03
000024864    14.0%   0.000Ghz   1.5521e+03   1.5267e+03
000025088    14.1%   0.000Ghz   1.5747e+03   1.5271e+03
000025312    14.2%   0.000Ghz   1.6072e+03   1.5276e+03
000025536    14.4%   0.000Ghz   1.5722e+03   1.5280e+03
000025760    14.5%   0.000Ghz   1.6021e+03   1.5285e+03
000025984    14.6%   0.000Ghz   1.3475e+03   1.5270e+03
000026208    14.7%   0.000Ghz   1.5768e+03   1.5273e+03
000026432    14.9%   0.000Ghz   1.5644e+03   1.5276e+03
000026656    15.0%   0.000Ghz   1.6047e+03   1.5281e+03
000026880    15.1%   0.000Ghz   1.5934e+03   1.5286e+03
000027104    15.2%   0.000Ghz   1.5735e+03   1.5289e+03
000027328    15.4%   0.000Ghz   1.4816e+03   1.5285e+03
000027552    15.5%   0.000Ghz   1.5397e+03   1.5286e+03
000027776    15.6%   0.000Ghz   1.3827e+03   1.5275e+03
000028000    15.7%   0.000Ghz   1.6143e+03   1.5281e+03
000028224    15.9%   0.000Ghz   1.5597e+03   1.5283e+03
000028448    16.0%   0.000Ghz   1.6084e+03   1.5288e+03
000028672    16.1%   0.000Ghz   1.2944e+03   1.5270e+03
000028896    16.2%   0.000Ghz   1.5733e+03   1.5273e+03
000029120    16.4%   0.000Ghz   1.4852e+03   1.5270e+03
000029344    16.5%   0.000Ghz   1.5972e+03   1.5274e+03
000029568    16.6%   0.000Ghz   1.5784e+03   1.5277e+03
000029792    16.8%   0.000Ghz   1.5790e+03   1.5280e+03
000030016    16.9%   0.000Ghz   1.5869e+03   1.5284e+03
000030240    17.0%   0.000Ghz   1.5357e+03   1.5284e+03
000030464    17.1%   0.000Ghz   1.5696e+03   1.5287e+03
000030688    17.3%   0.000Ghz   1.5949e+03   1.5290e+03
000030912    17.4%   0.000Ghz   1.2304e+03   1.5268e+03
000031136    17.5%   0.000Ghz   1.5908e+03   1.5272e+03
000031360    17.6%   0.000Ghz   1.5862e+03   1.5275e+03
000031584    17.8%   0.000Ghz   1.5616e+03   1.5277e+03
000031808    17.9%   0.000Ghz   1.5930e+03   1.5281e+03
000032032    18.0%   0.000Ghz   1.5962e+03   1.5285e+03
000032256    18.1%   0.000Ghz   1.5300e+03   1.5285e+03
000032480    18.3%   0.000Ghz   1.5882e+03   1.5288e+03
000032704    18.4%   0.000Ghz   1.2337e+03   1.5268e+03
000032928    18.5%   0.000Ghz   1.5373e+03   1.5268e+03
000033152    18.6%   0.000Ghz   1.5670e+03   1.5270e+03
000033376    18.8%   0.000Ghz   1.5866e+03   1.5274e+03
000033600    18.9%   0.000Ghz   1.5644e+03   1.5275e+03
000033824    19.0%   0.000Ghz   1.5836e+03   1.5278e+03
000034048    19.1%   0.000Ghz   1.5651e+03   1.5280e+03
000034272    19.3%   0.000Ghz   1.5611e+03   1.5282e+03
000034496    19.4%   0.000Ghz   1.5008e+03   1.5280e+03
000034720    19.5%   0.000Ghz   1.5961e+03   1.5284e+03
000034944    19.6%   0.000Ghz   1.2989e+03   1.5270e+03
000035168    19.8%   0.000Ghz   1.5786e+03   1.5273e+03
000035392    19.9%   0.000Ghz   1.6141e+03   1.5277e+03
000035616    20.0%   0.000Ghz   1.5329e+03   1.5277e+03
000035840    20.2%   0.000Ghz   1.5585e+03   1.5278e+03
000036064    20.3%   0.000Ghz   1.5782e+03   1.5281e+03
000036288    20.4%   0.000Ghz   1.5478e+03   1.5282e+03
000036512    20.5%   0.000Ghz   1.5904e+03   1.5285e+03
000036736    20.7%   0.000Ghz   1.2052e+03   1.5265e+03
000036960    20.8%   0.000Ghz   1.5602e+03   1.5267e+03
000037184    20.9%   0.000Ghz   1.5100e+03   1.5266e+03
000037408    21.0%   0.000Ghz   1.6025e+03   1.5269e+03
000037632    21.2%   0.000Ghz   1.5391e+03   1.5270e+03
000037856    21.3%   0.000Ghz   1.6044e+03   1.5273e+03
000038080    21.4%   0.000Ghz   1.5623e+03   1.5275e+03
000038304    21.5%   0.000Ghz   1.5240e+03   1.5275e+03
000038528    21.7%   0.000Ghz   1.4394e+03   1.5270e+03
000038752    21.8%   0.000Ghz   1.5815e+03   1.5273e+03
000038976    21.9%   0.000Ghz   1.2824e+03   1.5260e+03
000039200    22.0%   0.000Ghz   1.5954e+03   1.5263e+03
000039424    22.2%   0.000Ghz   1.6157e+03   1.5267e+03
000039648    22.3%   0.000Ghz   1.5613e+03   1.5268e+03
000039872    22.4%   0.000Ghz   1.3666e+03   1.5260e+03
000040096    22.5%   0.000Ghz   1.6011e+03   1.5263e+03
000040320    22.7%   0.000Ghz   1.4639e+03   1.5261e+03
000040544    22.8%   0.000Ghz   1.6006e+03   1.5264e+03
000040768    22.9%   0.000Ghz   1.5879e+03   1.5266e+03
000040992    23.0%   0.000Ghz   1.5263e+03   1.5266e+03
000041216    23.2%   0.000Ghz   1.5315e+03   1.5266e+03
000041440    23.3%   0.000Ghz   1.5663e+03   1.5268e+03
000041664    23.4%   0.000Ghz   1.2558e+03   1.5255e+03
000041888    23.6%   0.000Ghz   1.5968e+03   1.5257e+03
000042112    23.7%   0.000Ghz   1.4996e+03   1.5256e+03
000042336    23.8%   0.000Ghz   1.5557e+03   1.5257e+03
000042560    23.9%   0.000Ghz   1.5513e+03   1.5258e+03
000042784    24.1%   0.000Ghz   1.5855e+03   1.5261e+03
000043008    24.2%   0.000Ghz   1.4884e+03   1.5259e+03
000043232    24.3%   0.000Ghz   1.6204e+03   1.5263e+03
000043456    24.4%   0.000Ghz   1.3788e+03   1.5256e+03
000043680    24.6%   0.000Ghz   1.5262e+03   1.5256e+03
000043904    24.7%   0.000Ghz   1.5648e+03   1.5258e+03
000044128    24.8%   0.000Ghz   1.5547e+03   1.5259e+03
000044352    24.9%   0.000Ghz   1.5565e+03   1.5260e+03
000044576    25.1%   0.000Ghz   1.5919e+03   1.5262e+03
000044800    25.2%   0.000Ghz   1.5322e+03   1.5262e+03
000045024    25.3%   0.000Ghz   1.5822e+03   1.5264e+03
000045248    25.4%   0.000Ghz   1.1849e+03   1.5249e+03
000045472    25.6%   0.000Ghz   1.6017e+03   1.5251e+03
000045696    25.7%   0.000Ghz   1.5900e+03   1.5253e+03
000045920    25.8%   0.000Ghz   1.6019e+03   1.5256e+03
000046144    25.9%   0.000Ghz   1.5509e+03   1.5257e+03
000046368    26.1%   0.000Ghz   1.5264e+03   1.5257e+03
000046592    26.2%   0.000Ghz   1.5733e+03   1.5258e+03
000046816    26.3%   0.000Ghz   1.5211e+03   1.5258e+03
000047040    26.4%   0.000Ghz   1.5343e+03   1.5259e+03
000047264    26.6%   0.000Ghz   1.5917e+03   1.5261e+03
000047488    26.7%   0.000Ghz   1.2018e+03   1.5247e+03
000047712    26.8%   0.000Ghz   1.5755e+03   1.5249e+03
000047936    27.0%   0.000Ghz   1.6334e+03   1.5252e+03
000048160    27.1%   0.000Ghz   1.5822e+03   1.5254e+03
000048384    27.2%   0.000Ghz   1.5525e+03   1.5255e+03
000048608    27.3%   0.000Ghz   1.6015e+03   1.5257e+03
000048832    27.5%   0.000Ghz   1.2702e+03   1.5247e+03
000049056    27.6%   0.000Ghz   1.5491e+03   1.5248e+03
000049280    27.7%   0.000Ghz   1.2669e+03   1.5238e+03
000049504    27.8%   0.000Ghz   1.5463e+03   1.5239e+03
000049728    28.0%   0.000Ghz   1.4492e+03   1.5236e+03
000049952    28.1%   0.000Ghz   1.6268e+03   1.5239e+03
000050176    28.2%   0.000Ghz   1.2172e+03   1.5227e+03
000050400    28.3%   0.000Ghz   1.5929e+03   1.5229e+03
000050624    28.5%   0.000Ghz   1.6222e+03   1.5232e+03
000050848    28.6%   0.000Ghz   1.5890e+03   1.5234e+03
000051072    28.7%   0.000Ghz   1.3923e+03   1.5230e+03
000051296    28.8%   0.000Ghz   1.6190e+03   1.5233e+03
000051520    29.0%   0.000Ghz   1.2740e+03   1.5224e+03
000051744    29.1%   0.000Ghz   1.5627e+03   1.5225e+03
000051968    29.2%   0.000Ghz   1.5863e+03   1.5227e+03
000052192    29.3%   0.000Ghz   1.5367e+03   1.5227e+03
000052416    29.5%   0.000Ghz   1.5503e+03   1.5228e+03
000052640    29.6%   0.000Ghz   1.5941e+03   1.5230e+03
000052864    29.7%   0.000Ghz   1.3100e+03   1.5223e+03
000053088    29.8%   0.000Ghz   1.5941e+03   1.5225e+03
000053312    30.0%   0.000Ghz   1.4221e+03   1.5222e+03
000053536    30.1%   0.000Ghz   1.5526e+03   1.5222e+03
000053760    30.2%   0.000Ghz   1.4571e+03   1.5221e+03
000053984    30.4%   0.000Ghz   1.3548e+03   1.5215e+03
000054208    30.5%   0.000Ghz   1.4662e+03   1.5214e+03
000054432    30.6%   0.000Ghz   1.5588e+03   1.5215e+03
000054656    30.7%   0.000Ghz   1.5146e+03   1.5215e+03
000054880    30.9%   0.000Ghz   1.5270e+03   1.5215e+03
000055104    31.0%   0.000Ghz   1.5707e+03   1.5216e+03
000055328    31.1%   0.000Ghz   1.5862e+03   1.5218e+03
000055552    31.2%   0.000Ghz   1.4699e+03   1.5216e+03
000055776    31.4%   0.000Ghz   1.3396e+03   1.5211e+03
000056000    31.5%   0.000Ghz   1.4224e+03   1.5208e+03
000056224    31.6%   0.000Ghz   1.3623e+03   1.5203e+03
000056448    31.7%   0.000Ghz   1.4827e+03   1.5202e+03
000056672    31.9%   0.000Ghz   1.5975e+03   1.5204e+03
000056896    32.0%   0.000Ghz   1.5745e+03   1.5206e+03
000057120    32.1%   0.000Ghz   1.5648e+03   1.5207e+03
000057344    32.2%   0.000Ghz   1.5723e+03   1.5208e+03
000057568    32.4%   0.000Ghz   1.5231e+03   1.5208e+03
000057792    32.5%   0.000Ghz   1.5648e+03   1.5209e+03
000058016    32.6%   0.000Ghz   1.5816e+03   1.5211e+03
000058240    32.7%   0.000Ghz   1.5486e+03   1.5211e+03
000058464    32.9%   0.000Ghz   1.5725e+03   1.5212e+03
000058688    33.0%   0.000Ghz   1.5406e+03   1.5213e+03
000058912    33.1%   0.000Ghz   1.3137e+03   1.5207e+03
000059136    33.2%   0.000Ghz   1.3875e+03   1.5204e+03
000059360    33.4%   0.000Ghz   1.3963e+03   1.5200e+03
000059584    33.5%   0.000Ghz   1.3873e+03   1.5197e+03
000059808    33.6%   0.000Ghz   1.5747e+03   1.5198e+03
000060032    33.8%   0.000Ghz   1.5992e+03   1.5200e+03
000060256    33.9%   0.000Ghz   1.5214e+03   1.5200e+03
000060480    34.0%   0.000Ghz   1.5616e+03   1.5201e+03
000060704    34.1%   0.000Ghz   1.5713e+03   1.5202e+03
000060928    34.3%   0.000Ghz   1.5548e+03   1.5203e+03
000061152    34.4%   0.000Ghz   1.5555e+03   1.5204e+03
000061376    34.5%   0.000Ghz   1.3886e+03   1.5200e+03
000061600    34.6%   0.000Ghz   1.3433e+03   1.5196e+03
000061824    34.8%   0.000Ghz   1.4350e+03   1.5194e+03
000062048    34.9%   0.000Ghz   1.5952e+03   1.5195e+03
000062272    35.0%   0.000Ghz   1.5544e+03   1.5196e+03
000062496    35.1%   0.000Ghz   1.5706e+03   1.5197e+03
000062720    35.3%   0.000Ghz   1.5674e+03   1.5198e+03
000062944    35.4%   0.000Ghz   1.5116e+03   1.5198e+03
000063168    35.5%   0.000Ghz   1.5475e+03   1.5199e+03
000063392    35.6%   0.000Ghz   1.5639e+03   1.5200e+03
000063616    35.8%   0.000Ghz   1.5260e+03   1.5200e+03
000063840    35.9%   0.000Ghz   1.5654e+03   1.5201e+03
000064064    36.0%   0.000Ghz   1.5496e+03   1.5201e+03
000064288    36.1%   0.000Ghz   1.4113e+03   1.5199e+03
000064512    36.3%   0.000Ghz   1.3817e+03   1.5196e+03
000064736    36.4%   0.000Ghz   1.3390e+03   1.5191e+03
000064960    36.5%   0.000Ghz   1.6015e+03   1.5193e+03
000065184    36.6%   0.000Ghz   1.5747e+03   1.5194e+03
000065408    36.8%   0.000Ghz   1.6198e+03   1.5196e+03
000065632    36.9%   0.000Ghz   1.5120e+03   1.5196e+03
000065856    37.0%   0.000Ghz   1.5602e+03   1.5197e+03
000066080    37.2%   0.000Ghz   1.5624e+03   1.5198e+03
000066304    37.3%   0.000Ghz   1.5468e+03   1.5198e+03
000066528    37.4%   0.000Ghz   1.5812e+03   1.5199e+03
000066752    37.5%   0.000Ghz   1.4454e+03   1.5198e+03
000066976    37.7%   0.000Ghz   1.5390e+03   1.5198e+03
000067200    37.8%   0.000Ghz   1.2076e+03   1.5190e+03
000067424    37.9%   0.000Ghz   1.5830e+03   1.5192e+03
000067648    38.0%   0.000Ghz   1.4002e+03   1.5189e+03
000067872    38.2%   0.000Ghz   1.5636e+03   1.5190e+03
000068096    38.3%   0.000Ghz   1.5670e+03   1.5191e+03
000068320    38.4%   0.000Ghz   1.5090e+03   1.5191e+03
000068544    38.5%   0.000Ghz   1.5549e+03   1.5191e+03
000068768    38.7%   0.000Ghz   1.5469e+03   1.5192e+03
000068992    38.8%   0.000Ghz   1.5618e+03   1.5193e+03
000069216    38.9%   0.000Ghz   1.5653e+03   1.5193e+03
000069440    39.0%   0.000Ghz   1.5479e+03   1.5194e+03
000069664    39.2%   0.000Ghz   1.3340e+03   1.5190e+03
000069888    39.3%   0.000Ghz   1.5872e+03   1.5191e+03
000070112    39.4%   0.000Ghz   1.5849e+03   1.5192e+03
000070336    39.5%   0.000Ghz   1.3281e+03   1.5189e+03
000070560    39.7%   0.000Ghz   1.5801e+03   1.5190e+03
000070784    39.8%   0.000Ghz   1.3516e+03   1.5186e+03
000071008    39.9%   0.000Ghz   1.5070e+03   1.5186e+03
000071232    40.1%   0.000Ghz   1.5496e+03   1.5187e+03
000071456    40.2%   0.000Ghz   1.5351e+03   1.5187e+03
000071680    40.3%   0.000Ghz   1.4640e+03   1.5186e+03
000071904    40.4%   0.000Ghz   1.3348e+03   1.5182e+03
000072128    40.6%   0.000Ghz   1.4401e+03   1.5181e+03
000072352    40.7%   0.000Ghz   1.3572e+03   1.5178e+03
000072576    40.8%   0.000Ghz   1.4893e+03   1.5177e+03
000072800    40.9%   0.000Ghz   1.5670e+03   1.5178e+03
000073024    41.1%   0.000Ghz   1.5837e+03   1.5179e+03
000073248    41.2%   0.000Ghz   1.5669e+03   1.5180e+03
000073472    41.3%   0.000Ghz   1.5316e+03   1.5180e+03
000073696    41.4%   0.000Ghz   1.5067e+03   1.5180e+03
000073920    41.6%   0.000Ghz   1.5545e+03   1.5181e+03
000074144    41.7%   0.000Ghz   1.5281e+03   1.5181e+03
000074368    41.8%   0.000Ghz   1.5336e+03   1.5181e+03
000074592    41.9%   0.000Ghz   1.5748e+03   1.5182e+03
000074816    42.1%   0.000Ghz   1.5244e+03   1.5182e+03
000075040    42.2%   0.000Ghz   1.5135e+03   1.5182e+03
000075264    42.3%   0.000Ghz   1.3476e+03   1.5179e+03
000075488    42.4%   0.000Ghz   1.3294e+03   1.5176e+03
000075712    42.6%   0.000Ghz   1.4303e+03   1.5174e+03
000075936    42.7%   0.000Ghz   1.4493e+03   1.5173e+03
000076160    42.8%   0.000Ghz   1.5324e+03   1.5173e+03
000076384    42.9%   0.000Ghz   1.5101e+03   1.5173e+03
000076608    43.1%   0.000Ghz   1.5602e+03   1.5174e+03
000076832    43.2%   0.000Ghz   1.5174e+03   1.5174e+03
000077056    43.3%   0.000Ghz   1.5582e+03   1.5174e+03
000077280    43.5%   0.000Ghz   1.5756e+03   1.5175e+03
000077504    43.6%   0.000Ghz   1.5333e+03   1.5176e+03
000077728    43.7%   0.000Ghz   1.5490e+03   1.5176e+03
000077952    43.8%   0.000Ghz   1.5541e+03   1.5177e+03
000078176    44.0%   0.000Ghz   1.5392e+03   1.5177e+03
000078400    44.1%   0.000Ghz   1.4193e+03   1.5175e+03
000078624    44.2%   0.000Ghz   1.3190e+03   1.5172e+03
000078848    44.3%   0.000Ghz   1.3933e+03   1.5170e+03
000079072    44.5%   0.000Ghz   1.3228e+03   1.5167e+03
000079296    44.6%   0.000Ghz   1.5661e+03   1.5168e+03
000079520    44.7%   0.000Ghz   1.4897e+03   1.5167e+03
000079744    44.8%   0.000Ghz   1.5477e+03   1.5168e+03
000079968    45.0%   0.000Ghz   1.5663e+03   1.5168e+03
000080192    45.1%   0.000Ghz   1.5779e+03   1.5169e+03
000080416    45.2%   0.000Ghz   1.5592e+03   1.5170e+03
000080640    45.3%   0.000Ghz   1.5302e+03   1.5170e+03
000080864    45.5%   0.000Ghz   1.5446e+03   1.5170e+03
000081088    45.6%   0.000Ghz   1.5723e+03   1.5171e+03
000081312    45.7%   0.000Ghz   1.5039e+03   1.5171e+03
000081536    45.8%   0.000Ghz   1.3595e+03   1.5168e+03
000081760    46.0%   0.000Ghz   1.3126e+03   1.5165e+03
000081984    46.1%   0.000Ghz   1.3891e+03   1.5164e+03
000082208    46.2%   0.000Ghz   1.3444e+03   1.5161e+03
000082432    46.3%   0.000Ghz   1.4917e+03   1.5161e+03
000082656    46.5%   0.000Ghz   1.6000e+03   1.5162e+03
000082880    46.6%   0.000Ghz   1.5511e+03   1.5162e+03
000083104    46.7%   0.000Ghz   1.5794e+03   1.5163e+03
000083328    46.9%   0.000Ghz   1.5522e+03   1.5163e+03
000083552    47.0%   0.000Ghz   1.5364e+03   1.5164e+03
000083776    47.1%   0.000Ghz   1.5485e+03   1.5164e+03
000084000    47.2%   0.000Ghz   1.5603e+03   1.5165e+03
000084224    47.4%   0.000Ghz   1.5374e+03   1.5165e+03
000084448    47.5%   0.000Ghz   1.5179e+03   1.5165e+03
000084672    47.6%   0.000Ghz   1.5952e+03   1.5166e+03
000084896    47.7%   0.000Ghz   1.4994e+03   1.5166e+03
000085120    47.9%   0.000Ghz   1.5539e+03   1.5166e+03
000085344    48.0%   0.000Ghz   1.5014e+03   1.5166e+03
000085568    48.1%   0.000Ghz   1.3664e+03   1.5164e+03
000085792    48.2%   0.000Ghz   1.3259e+03   1.5161e+03
000086016    48.4%   0.000Ghz   1.4028e+03   1.5160e+03
000086240    48.5%   0.000Ghz   1.3900e+03   1.5158e+03
000086464    48.6%   0.000Ghz   1.4022e+03   1.5157e+03
000086688    48.7%   0.000Ghz   1.3637e+03   1.5155e+03
000086912    48.9%   0.000Ghz   1.6161e+03   1.5156e+03
000087136    49.0%   0.000Ghz   1.5463e+03   1.5156e+03
000087360    49.1%   0.000Ghz   1.5842e+03   1.5157e+03
000087584    49.2%   0.000Ghz   1.4991e+03   1.5157e+03
000087808    49.4%   0.000Ghz   1.5444e+03   1.5157e+03
000088032    49.5%   0.000Ghz   1.5516e+03   1.5158e+03
000088256    49.6%   0.000Ghz   1.5392e+03   1.5158e+03
000088480    49.7%   0.000Ghz   1.3969e+03   1.5156e+03
000088704    49.9%   0.000Ghz   1.3852e+03   1.5155e+03
000088928    50.0%   0.000Ghz   1.3167e+03   1.5152e+03
000089152    50.1%   0.000Ghz   1.3763e+03   1.5151e+03
000089376    50.3%   0.000Ghz   1.3508e+03   1.5149e+03
000089600    50.4%   0.000Ghz   1.5077e+03   1.5149e+03
000089824    50.5%   0.000Ghz   1.5512e+03   1.5149e+03
000090048    50.6%   0.000Ghz   1.5981e+03   1.5150e+03
000090272    50.8%   0.000Ghz   1.4903e+03   1.5150e+03
000090496    50.9%   0.000Ghz   1.5440e+03   1.5150e+03
000090720    51.0%   0.000Ghz   1.5526e+03   1.5150e+03
000090944    51.1%   0.000Ghz   1.5549e+03   1.5151e+03
000091168    51.3%   0.000Ghz   1.5458e+03   1.5151e+03
000091392    51.4%   0.000Ghz   1.5381e+03   1.5151e+03
000091616    51.5%   0.000Ghz   1.5338e+03   1.5151e+03
000091840    51.6%   0.000Ghz   1.5481e+03   1.5152e+03
000092064    51.8%   0.000Ghz   1.5642e+03   1.5152e+03
000092288    51.9%   0.000Ghz   1.5297e+03   1.5152e+03
000092512    52.0%   0.000Ghz   1.5461e+03   1.5153e+03
000092736    52.1%   0.000Ghz   1.5280e+03   1.5153e+03
000092960    52.3%   0.000Ghz   1.4925e+03   1.5153e+03
000093184    52.4%   0.000Ghz   1.5433e+03   1.5153e+03
000093408    52.5%   0.000Ghz   1.5417e+03   1.5153e+03
000093632    52.6%   0.000Ghz   1.5182e+03   1.5153e+03
000093856    52.8%   0.000Ghz   1.5400e+03   1.5153e+03
000094080    52.9%   0.000Ghz   1.5587e+03   1.5154e+03
000094304    53.0%   0.000Ghz   1.4026e+03   1.5153e+03
000094528    53.1%   0.000Ghz   1.3671e+03   1.5151e+03
000094752    53.3%   0.000Ghz   1.3098e+03   1.5149e+03
000094976    53.4%   0.000Ghz   1.3868e+03   1.5148e+03
000095200    53.5%   0.000Ghz   1.3139e+03   1.5145e+03
000095424    53.7%   0.000Ghz   1.4170e+03   1.5144e+03
000095648    53.8%   0.000Ghz   1.2850e+03   1.5142e+03
000095872    53.9%   0.000Ghz   1.4864e+03   1.5142e+03
000096096    54.0%   0.000Ghz   1.5315e+03   1.5142e+03
000096320    54.2%   0.000Ghz   1.5512e+03   1.5142e+03
000096544    54.3%   0.000Ghz   1.5406e+03   1.5143e+03
000096768    54.4%   0.000Ghz   1.5277e+03   1.5143e+03
000096992    54.5%   0.000Ghz   1.5203e+03   1.5143e+03
000097216    54.7%   0.000Ghz   1.5516e+03   1.5143e+03
000097440    54.8%   0.000Ghz   1.5478e+03   1.5143e+03
000097664    54.9%   0.000Ghz   1.5294e+03   1.5143e+03
000097888    55.0%   0.000Ghz   1.5401e+03   1.5144e+03
000098112    55.2%   0.000Ghz   1.5165e+03   1.5144e+03
000098336    55.3%   0.000Ghz   1.4910e+03   1.5143e+03
000098560    55.4%   0.000Ghz   1.5380e+03   1.5144e+03
000098784    55.5%   0.000Ghz   1.5254e+03   1.5144e+03
000099008    55.7%   0.000Ghz   1.5176e+03   1.5144e+03
000099232    55.8%   0.000Ghz   1.5454e+03   1.5144e+03
000099456    55.9%   0.000Ghz   1.5197e+03   1.5144e+03
000099680    56.0%   0.000Ghz   1.5138e+03   1.5144e+03
000099904    56.2%   0.000Ghz   1.5293e+03   1.5144e+03
000100128    56.3%   0.000Ghz   1.5370e+03   1.5144e+03
000100352    56.4%   0.000Ghz   1.5338e+03   1.5144e+03
000100576    56.5%   0.000Ghz   1.5328e+03   1.5145e+03
000100800    56.7%   0.000Ghz   1.5176e+03   1.5145e+03
000101024    56.8%   0.000Ghz   1.4505e+03   1.5144e+03
000101248    56.9%   0.000Ghz   1.3411e+03   1.5143e+03
000101472    57.1%   0.000Ghz   1.2981e+03   1.5141e+03
000101696    57.2%   0.000Ghz   1.3696e+03   1.5140e+03
000101920    57.3%   0.000Ghz   1.2915e+03   1.5138e+03
000102144    57.4%   0.000Ghz   1.3791e+03   1.5136e+03
000102368    57.6%   0.000Ghz   1.3493e+03   1.5135e+03
000102592    57.7%   0.000Ghz   1.3590e+03   1.5134e+03
000102816    57.8%   0.000Ghz   1.4190e+03   1.5133e+03
000103040    57.9%   0.000Ghz   1.3943e+03   1.5132e+03
000103264    58.1%   0.000Ghz   1.5091e+03   1.5132e+03
000103488    58.2%   0.000Ghz   1.5851e+03   1.5133e+03
000103712    58.3%   0.000Ghz   1.4853e+03   1.5132e+03
000103936    58.4%   0.000Ghz   1.4786e+03   1.5132e+03
000104160    58.6%   0.000Ghz   1.4938e+03   1.5132e+03
000104384    58.7%   0.000Ghz   1.5394e+03   1.5132e+03
000104608    58.8%   0.000Ghz   1.5263e+03   1.5132e+03
000104832    58.9%   0.000Ghz   1.5265e+03   1.5132e+03
000105056    59.1%   0.000Ghz   1.5096e+03   1.5132e+03
000105280    59.2%   0.000Ghz   1.5381e+03   1.5133e+03
000105504    59.3%   0.000Ghz   1.5092e+03   1.5133e+03
000105728    59.4%   0.000Ghz   1.4751e+03   1.5132e+03
000105952    59.6%   0.000Ghz   1.5288e+03   1.5132e+03
000106176    59.7%   0.000Ghz   1.5684e+03   1.5133e+03
000106400    59.8%   0.000Ghz   1.4829e+03   1.5132e+03
000106624    59.9%   0.000Ghz   1.5219e+03   1.5133e+03
000106848    60.1%   0.000Ghz   1.4786e+03   1.5132e+03
000107072    60.2%   0.000Ghz   1.5014e+03   1.5132e+03
000107296    60.3%   0.000Ghz   1.5253e+03   1.5132e+03
000107520    60.5%   0.000Ghz   1.4893e+03   1.5132e+03
000107744    60.6%   0.000Ghz   1.5171e+03   1.5132e+03
000107968    60.7%   0.000Ghz   1.5295e+03   1.5132e+03
000108192    60.8%   0.000Ghz   1.4996e+03   1.5132e+03
000108416    61.0%   0.000Ghz   1.5252e+03   1.5132e+03
000108640    61.1%   0.000Ghz   1.5165e+03   1.5132e+03
000108864    61.2%   0.000Ghz   1.4823e+03   1.5132e+03
000109088    61.3%   0.000Ghz   1.4794e+03   1.5132e+03
000109312    61.5%   0.000Ghz   1.5131e+03   1.5132e+03
000109536    61.6%   0.000Ghz   1.4632e+03   1.5132e+03
000109760    61.7%   0.000Ghz   1.4904e+03   1.5131e+03
000109984    61.8%   0.000Ghz   1.5095e+03   1.5131e+03
000110208    62.0%   0.000Ghz   1.4892e+03   1.5131e+03
000110432    62.1%   0.000Ghz   1.5072e+03   1.5131e+03
000110656    62.2%   0.000Ghz   1.3105e+03   1.5130e+03
000110880    62.3%   0.000Ghz   1.2829e+03   1.5128e+03
000111104    62.5%   0.000Ghz   1.3368e+03   1.5127e+03
000111328    62.6%   0.000Ghz   1.2910e+03   1.5126e+03
000111552    62.7%   0.000Ghz   1.3536e+03   1.5125e+03
000111776    62.8%   0.000Ghz   1.2756e+03   1.5123e+03
000112000    63.0%   0.000Ghz   1.4053e+03   1.5123e+03
000112224    63.1%   0.000Ghz   1.3169e+03   1.5121e+03
000112448    63.2%   0.000Ghz   1.5103e+03   1.5121e+03
000112672    63.4%   0.000Ghz   1.5193e+03   1.5121e+03
000112896    63.5%   0.000Ghz   1.5366e+03   1.5122e+03
000113120    63.6%   0.000Ghz   1.5278e+03   1.5122e+03
000113344    63.7%   0.000Ghz   1.5221e+03   1.5122e+03
000113568    63.9%   0.000Ghz   1.4946e+03   1.5122e+03
000113792    64.0%   0.000Ghz   1.5187e+03   1.5122e+03
000114016    64.1%   0.000Ghz   1.5129e+03   1.5122e+03
000114240    64.2%   0.000Ghz   1.4948e+03   1.5122e+03
000114464    64.4%   0.000Ghz   1.4970e+03   1.5121e+03
000114688    64.5%   0.000Ghz   1.5257e+03   1.5122e+03
000114912    64.6%   0.000Ghz   1.4514e+03   1.5121e+03
000115136    64.7%   0.000Ghz   1.5235e+03   1.5121e+03
000115360    64.9%   0.000Ghz   1.5164e+03   1.5121e+03
000115584    65.0%   0.000Ghz   1.4866e+03   1.5121e+03
000115808    65.1%   0.000Ghz   1.5177e+03   1.5121e+03
000116032    65.2%   0.000Ghz   1.5248e+03   1.5121e+03
000116256    65.4%   0.000Ghz   1.2722e+03   1.5120e+03
000116480    65.5%   0.000Ghz   1.3488e+03   1.5119e+03
000116704    65.6%   0.000Ghz   1.2865e+03   1.5118e+03
000116928    65.7%   0.000Ghz   1.3623e+03   1.5117e+03
000117152    65.9%   0.000Ghz   1.2694e+03   1.5116e+03
000117376    66.0%   0.000Ghz   1.3582e+03   1.5115e+03
000117600    66.1%   0.000Ghz   1.2486e+03   1.5114e+03
000117824    66.2%   0.000Ghz   1.3506e+03   1.5113e+03
000118048    66.4%   0.000Ghz   1.3075e+03   1.5112e+03
000118272    66.5%   0.000Ghz   1.3823e+03   1.5111e+03
000118496    66.6%   0.000Ghz   1.2708e+03   1.5110e+03
000118720    66.8%   0.000Ghz   1.3472e+03   1.5109e+03
000118944    66.9%   0.000Ghz   1.3035e+03   1.5108e+03
000119168    67.0%   0.000Ghz   1.3784e+03   1.5107e+03
000119392    67.1%   0.000Ghz   1.3017e+03   1.5106e+03
000119616    67.3%   0.000Ghz   1.4249e+03   1.5106e+03
000119840    67.4%   0.000Ghz   1.5037e+03   1.5106e+03
000120064    67.5%   0.000Ghz   1.5396e+03   1.5106e+03
000120288    67.6%   0.000Ghz   1.4436e+03   1.5106e+03
000120512    67.8%   0.000Ghz   1.5106e+03   1.5106e+03
000120736    67.9%   0.000Ghz   1.4902e+03   1.5106e+03
000120960    68.0%   0.000Ghz   1.5232e+03   1.5106e+03
000121184    68.1%   0.000Ghz   1.3129e+03   1.5105e+03
000121408    68.3%   0.000Ghz   1.3928e+03   1.5104e+03
000121632    68.4%   0.000Ghz   1.3035e+03   1.5103e+03
000121856    68.5%   0.000Ghz   1.3842e+03   1.5103e+03
000122080    68.6%   0.000Ghz   1.3677e+03   1.5102e+03
000122304    68.8%   0.000Ghz   1.3416e+03   1.5101e+03
000122528    68.9%   0.000Ghz   1.2498e+03   1.5100e+03
000122752    69.0%   0.000Ghz   1.3321e+03   1.5100e+03
000122976    69.1%   0.000Ghz   1.2348e+03   1.5098e+03
000123200    69.3%   0.000Ghz   1.3548e+03   1.5098e+03
000123424    69.4%   0.000Ghz   1.2903e+03   1.5097e+03
000123648    69.5%   0.000Ghz   1.3529e+03   1.5096e+03
000123872    69.6%   0.000Ghz   1.2696e+03   1.5095e+03
000124096    69.8%   0.000Ghz   1.3722e+03   1.5094e+03
000124320    69.9%   0.000Ghz   1.4022e+03   1.5094e+03
000124544    70.0%   0.000Ghz   1.5411e+03   1.5094e+03
000124768    70.2%   0.000Ghz   1.4941e+03   1.5094e+03
000124992    70.3%   0.000Ghz   1.5438e+03   1.5094e+03
000125216    70.4%   0.000Ghz   1.4821e+03   1.5094e+03
000125440    70.5%   0.000Ghz   1.5169e+03   1.5094e+03
000125664    70.7%   0.000Ghz   1.4387e+03   1.5094e+03
000125888    70.8%   0.000Ghz   1.5040e+03   1.5094e+03
000126112    70.9%   0.000Ghz   1.4774e+03   1.5094e+03
000126336    71.0%   0.000Ghz   1.4758e+03   1.5094e+03
000126560    71.2%   0.000Ghz   1.4865e+03   1.5094e+03
000126784    71.3%   0.000Ghz   1.4834e+03   1.5094e+03
000127008    71.4%   0.000Ghz   1.4598e+03   1.5093e+03
000127232    71.5%   0.000Ghz   1.4978e+03   1.5093e+03
000127456    71.7%   0.000Ghz   1.4599e+03   1.5093e+03
000127680    71.8%   0.000Ghz   1.5323e+03   1.5093e+03
000127904    71.9%   0.000Ghz   1.4567e+03   1.5093e+03
000128128    72.0%   0.000Ghz   1.5267e+03   1.5093e+03
000128352    72.2%   0.000Ghz   1.4213e+03   1.5093e+03
000128576    72.3%   0.000Ghz   1.4482e+03   1.5093e+03
000128800    72.4%   0.000Ghz   1.2498e+03   1.5092e+03
000129024    72.5%   0.000Ghz   1.3263e+03   1.5091e+03
000129248    72.7%   0.000Ghz   1.2546e+03   1.5090e+03
000129472    72.8%   0.000Ghz   1.3357e+03   1.5090e+03
000129696    72.9%   0.000Ghz   1.2567e+03   1.5089e+03
000129920    73.0%   0.000Ghz   1.3291e+03   1.5088e+03
000130144    73.2%   0.000Ghz   1.2599e+03   1.5087e+03
000130368    73.3%   0.000Ghz   1.3344e+03   1.5087e+03
000130592    73.4%   0.000Ghz   1.2540e+03   1.5086e+03
000130816    73.6%   0.000Ghz   1.3225e+03   1.5085e+03
000131040    73.7%   0.000Ghz   1.2268e+03   1.5085e+03
000131264    73.8%   0.000Ghz   1.3120e+03   1.5084e+03
000131488    73.9%   0.000Ghz   1.2688e+03   1.5083e+03
000131712    74.1%   0.000Ghz   1.3467e+03   1.5083e+03
000131936    74.2%   0.000Ghz   1.2899e+03   1.5082e+03
000132160    74.3%   0.000Ghz   1.3528e+03   1.5082e+03
000132384    74.4%   0.000Ghz   1.2261e+03   1.5081e+03
000132608    74.6%   0.000Ghz   1.3127e+03   1.5080e+03
000132832    74.7%   0.000Ghz   1.1885e+03   1.5079e+03
000133056    74.8%   0.000Ghz   1.3552e+03   1.5079e+03
000133280    74.9%   0.000Ghz   1.4342e+03   1.5079e+03
000133504    75.1%   0.000Ghz   1.5421e+03   1.5079e+03
000133728    75.2%   0.000Ghz   1.4134e+03   1.5078e+03
000133952    75.3%   0.000Ghz   1.4729e+03   1.5078e+03
000134176    75.4%   0.000Ghz   1.4142e+03   1.5078e+03
000134400    75.6%   0.000Ghz   1.4516e+03   1.5078e+03
000134624    75.7%   0.000Ghz   1.4413e+03   1.5078e+03
000134848    75.8%   0.000Ghz   1.4627e+03   1.5078e+03
000135072    75.9%   0.000Ghz   1.4280e+03   1.5078e+03
000135296    76.1%   0.000Ghz   1.4041e+03   1.5077e+03
000135520    76.2%   0.000Ghz   1.4149e+03   1.5077e+03
000135744    76.3%   0.000Ghz   1.4742e+03   1.5077e+03
000135968    76.4%   0.000Ghz   1.4341e+03   1.5077e+03
000136192    76.6%   0.000Ghz   1.4849e+03   1.5077e+03
000136416    76.7%   0.000Ghz   1.3817e+03   1.5076e+03
000136640    76.8%   0.000Ghz   1.4432e+03   1.5076e+03
000136864    77.0%   0.000Ghz   1.3883e+03   1.5076e+03
000137088    77.1%   0.000Ghz   1.4376e+03   1.5076e+03
000137312    77.2%   0.000Ghz   1.3972e+03   1.5076e+03
000137536    77.3%   0.000Ghz   1.4613e+03   1.5076e+03
000137760    77.5%   0.000Ghz   1.4129e+03   1.5075e+03
000137984    77.6%   0.000Ghz   1.4662e+03   1.5075e+03
000138208    77.7%   0.000Ghz   1.4022e+03   1.5075e+03
000138432    77.8%   0.000Ghz   1.4365e+03   1.5075e+03
000138656    78.0%   0.000Ghz   1.3921e+03   1.5075e+03
000138880    78.1%   0.000Ghz   1.4491e+03   1.5075e+03
000139104    78.2%   0.000Ghz   1.3755e+03   1.5074e+03
000139328    78.3%   0.000Ghz   1.4430e+03   1.5074e+03
000139552    78.5%   0.000Ghz   1.3631e+03   1.5074e+03
000139776    78.6%   0.000Ghz   1.4357e+03   1.5074e+03
000140000    78.7%   0.000Ghz   1.3986e+03   1.5074e+03
000140224    78.8%   0.000Ghz   1.4195e+03   1.5073e+03
000140448    79.0%   0.000Ghz   1.3831e+03   1.5073e+03
000140672    79.1%   0.000Ghz   1.4525e+03   1.5073e+03
000140896    79.2%   0.000Ghz   1.3622e+03   1.5073e+03
000141120    79.3%   0.000Ghz   1.4340e+03   1.5073e+03
000141344    79.5%   0.000Ghz   1.3800e+03   1.5072e+03
000141568    79.6%   0.000Ghz   1.4355e+03   1.5072e+03
000141792    79.7%   0.000Ghz   1.3588e+03   1.5072e+03
000142016    79.8%   0.000Ghz   1.4256e+03   1.5072e+03
000142240    80.0%   0.000Ghz   1.3184e+03   1.5072e+03
000142464    80.1%   0.000Ghz   1.4263e+03   1.5072e+03
000142688    80.2%   0.000Ghz   1.3659e+03   1.5071e+03
000142912    80.4%   0.000Ghz   1.4296e+03   1.5071e+03
000143136    80.5%   0.000Ghz   1.3696e+03   1.5071e+03
000143360    80.6%   0.000Ghz   1.3645e+03   1.5071e+03
000143584    80.7%   0.000Ghz   1.3311e+03   1.5070e+03
000143808    80.9%   0.000Ghz   1.4373e+03   1.5070e+03
000144032    81.0%   0.000Ghz   1.3610e+03   1.5070e+03
000144256    81.1%   0.000Ghz   1.4422e+03   1.5070e+03
000144480    81.2%   0.000Ghz   1.3259e+03   1.5070e+03
000144704    81.4%   0.000Ghz   1.4389e+03   1.5070e+03
000144928    81.5%   0.000Ghz   1.2948e+03   1.5069e+03
000145152    81.6%   0.000Ghz   1.4110e+03   1.5069e+03
000145376    81.7%   0.000Ghz   1.3365e+03   1.5069e+03
000145600    81.9%   0.000Ghz   1.4224e+03   1.5069e+03
000145824    82.0%   0.000Ghz   1.3567e+03   1.5069e+03
000146048    82.1%   0.000Ghz   1.4249e+03   1.5069e+03
000146272    82.2%   0.000Ghz   1.3414e+03   1.5068e+03
000146496    82.4%   0.000Ghz   1.3750e+03   1.5068e+03
000146720    82.5%   0.000Ghz   1.3637e+03   1.5068e+03
000146944    82.6%   0.000Ghz   1.4126e+03   1.5068e+03
000147168    82.7%   0.000Ghz   1.3589e+03   1.5068e+03
000147392    82.9%   0.000Ghz   1.3718e+03   1.5067e+03
000147616    83.0%   0.000Ghz   1.3197e+03   1.5067e+03
000147840    83.1%   0.000Ghz   1.3927e+03   1.5067e+03
000148064    83.2%   0.000Ghz   1.3593e+03   1.5067e+03
000148288    83.4%   0.000Ghz   1.1283e+03   1.5066e+03
000148512    83.5%   0.000Ghz   1.3211e+03   1.5066e+03
000148736    83.6%   0.000Ghz   1.1056e+03   1.5066e+03
000148960    83.8%   0.000Ghz   1.3455e+03   1.5065e+03
000149184    83.9%   0.000Ghz   1.0744e+03   1.5065e+03
000149408    84.0%   0.000Ghz   1.3486e+03   1.5065e+03
000149632    84.1%   0.000Ghz   1.0841e+03   1.5064e+03
000149856    84.3%   0.000Ghz   1.3601e+03   1.5064e+03
000150080    84.4%   0.000Ghz   1.0550e+03   1.5063e+03
000150304    84.5%   0.000Ghz   1.3100e+03   1.5063e+03
000150528    84.6%   0.000Ghz   1.0767e+03   1.5063e+03
000150752    84.8%   0.000Ghz   1.3441e+03   1.5062e+03
000150976    84.9%   0.000Ghz   1.0761e+03   1.5062e+03
000151200    85.0%   0.000Ghz   1.3445e+03   1.5062e+03
000151424    85.1%   0.000Ghz   1.0626e+03   1.5061e+03
000151648    85.3%   0.000Ghz   1.3374e+03   1.5061e+03
000151872    85.4%   0.000Ghz   1.0653e+03   1.5061e+03
000152096    85.5%   0.000Ghz   1.3342e+03   1.5060e+03
000152320    85.6%   0.000Ghz   1.0664e+03   1.5060e+03
000152544    85.8%   0.000Ghz   1.3406e+03   1.5060e+03
000152768    85.9%   0.000Ghz   1.0564e+03   1.5059e+03
000152992    86.0%   0.000Ghz   1.2705e+03   1.5059e+03
000153216    86.1%   0.000Ghz   1.0802e+03   1.5059e+03
000153440    86.3%   0.000Ghz   1.3318e+03   1.5058e+03
000153664    86.4%   0.000Ghz   1.0545e+03   1.5058e+03
000153888    86.5%   0.000Ghz   1.3262e+03   1.5058e+03
000154112    86.6%   0.000Ghz   1.0500e+03   1.5057e+03
000154336    86.8%   0.000Ghz   1.3030e+03   1.5057e+03
000154560    86.9%   0.000Ghz   1.0488e+03   1.5057e+03
000154784    87.0%   0.000Ghz   1.3087e+03   1.5057e+03
000155008    87.2%   0.000Ghz   1.0267e+03   1.5056e+03
000155232    87.3%   0.000Ghz   1.3177e+03   1.5056e+03
000155456    87.4%   0.000Ghz   1.0292e+03   1.5056e+03
000155680    87.5%   0.000Ghz   1.2700e+03   1.5056e+03
000155904    87.7%   0.000Ghz   1.0222e+03   1.5055e+03
000156128    87.8%   0.000Ghz   1.3236e+03   1.5055e+03
000156352    87.9%   0.000Ghz   1.0009e+03   1.5055e+03
000156576    88.0%   0.000Ghz   1.2668e+03   1.5054e+03
000156800    88.2%   0.000Ghz   1.0268e+03   1.5054e+03
000157024    88.3%   0.000Ghz   1.2982e+03   1.5054e+03
000157248    88.4%   0.000Ghz   1.1022e+03   1.5054e+03
000157472    88.5%   0.000Ghz   1.2898e+03   1.5054e+03
000157696    88.7%   0.000Ghz   1.0442e+03   1.5053e+03
000157920    88.8%   0.000Ghz   1.2884e+03   1.5053e+03
000158144    88.9%   0.000Ghz   1.0392e+03   1.5053e+03
000158368    89.0%   0.000Ghz   1.2415e+03   1.5053e+03
000158592    89.2%   0.000Ghz   1.0703e+03   1.5052e+03
000158816    89.3%   0.000Ghz   1.2566e+03   1.5052e+03
000159040    89.4%   0.000Ghz   1.0481e+03   1.5052e+03
000159264    89.5%   0.000Ghz   1.2121e+03   1.5052e+03
000159488    89.7%   0.000Ghz   1.3781e+03   1.5052e+03
000159712    89.8%   0.000Ghz   1.2205e+03   1.5052e+03
000159936    89.9%   0.000Ghz   1.4312e+03   1.5052e+03
000160160    90.1%   0.000Ghz   1.1979e+03   1.5051e+03
000160384    90.2%   0.000Ghz   1.3556e+03   1.5051e+03
000160608    90.3%   0.000Ghz   1.2371e+03   1.5051e+03
000160832    90.4%   0.000Ghz   1.3956e+03   1.5051e+03
000161056    90.6%   0.000Ghz   1.2212e+03   1.5051e+03
000161280    90.7%   0.000Ghz   1.3931e+03   1.5051e+03
000161504    90.8%   0.000Ghz   1.1844e+03   1.5051e+03
000161728    90.9%   0.000Ghz   1.4253e+03   1.5051e+03
000161952    91.1%   0.000Ghz   1.1766e+03   1.5051e+03
000162176    91.2%   0.000Ghz   1.4037e+03   1.5051e+03
000162400    91.3%   0.000Ghz   1.1661e+03   1.5051e+03
000162624    91.4%   0.000Ghz   1.4006e+03   1.5051e+03
000162848    91.6%   0.000Ghz   1.1840e+03   1.5050e+03
000163072    91.7%   0.000Ghz   1.4071e+03   1.5050e+03
000163296    91.8%   0.000Ghz   1.1728e+03   1.5050e+03
000163520    91.9%   0.000Ghz   1.4017e+03   1.5050e+03
000163744    92.1%   0.000Ghz   1.1385e+03   1.5050e+03
000163968    92.2%   0.000Ghz   1.4136e+03   1.5050e+03
000164192    92.3%   0.000Ghz   1.1152e+03   1.5050e+03
000164416    92.4%   0.000Ghz   1.3700e+03   1.5050e+03
000164640    92.6%   0.000Ghz   1.1289e+03   1.5050e+03
000164864    92.7%   0.000Ghz   1.3756e+03   1.5050e+03
000165088    92.8%   0.000Ghz   1.1123e+03   1.5050e+03
000165312    92.9%   0.000Ghz   1.3980e+03   1.5050e+03
000165536    93.1%   0.000Ghz   1.0864e+03   1.5050e+03
000165760    93.2%   0.000Ghz   1.3911e+03   1.5050e+03
000165984    93.3%   0.000Ghz   1.0877e+03   1.5049e+03
000166208    93.5%   0.000Ghz   1.3441e+03   1.5049e+03
000166432    93.6%   0.000Ghz   1.1032e+03   1.5049e+03
000166656    93.7%   0.000Ghz   1.2329e+03   1.5049e+03
000166880    93.8%   0.000Ghz   1.1014e+03   1.5049e+03
000167104    94.0%   0.000Ghz   1.1219e+03   1.5049e+03
000167328    94.1%   0.000Ghz   1.0480e+03   1.5049e+03
000167552    94.2%   0.000Ghz   1.2551e+03   1.5049e+03
000167776    94.3%   0.000Ghz   1.0227e+03   1.5049e+03
000168000    94.5%   0.000Ghz   1.2229e+03   1.5049e+03
000168224    94.6%   0.000Ghz   9.8726e+02   1.5049e+03
000168448    94.7%   0.000Ghz   1.2568e+03   1.5049e+03
000168672    94.8%   0.000Ghz   9.8952e+02   1.5049e+03
000168896    95.0%   0.000Ghz   1.2655e+03   1.5049e+03
000169120    95.1%   0.000Ghz   9.2008e+02   1.5049e+03
000169344    95.2%   0.000Ghz   1.2594e+03   1.5049e+03
000169568    95.3%   0.000Ghz   9.4534e+02   1.5048e+03
000169792    95.5%   0.000Ghz   1.2196e+03   1.5048e+03
000170016    95.6%   0.000Ghz   9.1051e+02   1.5048e+03
000170240    95.7%   0.000Ghz   1.1420e+03   1.5048e+03
000170464    95.8%   0.000Ghz   8.9680e+02   1.5048e+03
000170688    96.0%   0.000Ghz   1.0843e+03   1.5048e+03
000170912    96.1%   0.000Ghz   8.7718e+02   1.5048e+03
000171136    96.2%   0.000Ghz   9.9200e+02   1.5048e+03
000171360    96.3%   0.000Ghz   7.6928e+02   1.5048e+03
000171584    96.5%   0.000Ghz   1.1246e+03   1.5048e+03
000171808    96.6%   0.000Ghz   7.6120e+02   1.5048e+03
000172032    96.7%   0.000Ghz   1.0998e+03   1.5048e+03
000172256    96.9%   0.000Ghz   7.2261e+02   1.5048e+03
000172480    97.0%   0.000Ghz   9.7139e+02   1.5048e+03
000172704    97.1%   0.000Ghz   6.7597e+02   1.5048e+03
000172928    97.2%   0.000Ghz   9.2544e+02   1.5048e+03
000173152    97.4%   0.000Ghz   6.1448e+02   1.5048e+03
000173376    97.5%   0.000Ghz   9.1597e+02   1.5048e+03
000173600    97.6%   0.000Ghz   5.6483e+02   1.5048e+03
000173824    97.7%   0.000Ghz   1.0725e+03   1.5048e+03
000174048    97.9%   0.000Ghz   5.7328e+02   1.5048e+03
000174272    98.0%   0.000Ghz   9.2885e+02   1.5048e+03
000174496    98.1%   0.000Ghz   4.5548e+02   1.5047e+03
000174720    98.2%   0.000Ghz   1.0061e+03   1.5047e+03
000174944    98.4%   0.000Ghz   4.2573e+02   1.5047e+03
000175168    98.5%   0.000Ghz   9.0858e+02   1.5047e+03
000175392    98.6%   0.000Ghz   3.5168e+02   1.5047e+03
000175616    98.7%   0.000Ghz   7.9095e+02   1.5047e+03
000175840    98.9%   0.000Ghz   2.8713e+02   1.5047e+03
000176064    99.0%   0.000Ghz   6.8426e+02   1.5047e+03
000176288    99.1%   0.000Ghz   1.9660e+02   1.5047e+03
000176512    99.2%   0.000Ghz   5.5327e+02   1.5047e+03
000176736    99.4%   0.000Ghz   1.2617e+02   1.5047e+03
000176960    99.5%   0.000Ghz   4.0557e+02   1.5047e+03
000177184    99.6%   0.000Ghz   5.9122e+01   1.5047e+03
000177408    99.7%   0.000Ghz   2.0131e+02   1.5047e+03
000177632    99.9%   0.000Ghz   1.1467e+01   1.5047e+03
================================================================================
T/V        SWP            N    NB     P     Q            Time             Gflops
--------------------------------------------------------------------------------
WR17R8C30c 211       177856   224     1     2         2494.50         1.5036e+03
HPL_pdgesv() start time Fri May 17 19:31:22 2024
HPL_pdgesv() end time   Fri May 17 20:12:56 2024
--VVV--VVV--VVV--VVV--VVV--VVV--VVV--VVV--VVV--VVV--VVV--VVV--VVV--VVV--VVV-
Timing Phase                                     Min         Avg         Max
rfact . . . . . . . . . . . . . . :            12.76       12.83       12.90
    pfact . . . . . . . . . . . . :             4.80        5.20        5.59
    mxswp . . . . . . . . . . . . :             0.18        0.21        0.25
update  . . . . . . . . . . . . . :          2479.64     2479.75     2479.86
    dtrsm . . . . . . . . . . . . :            11.97       12.04       12.12
    dgemm . . . . . . . . . . . . :          2310.06     2331.84     2353.62
    laswp . . . . . . . . . . . . :            68.17       68.67       69.17
pbcst . . . . . . . . . . . . . . :            45.95       67.22       88.49
    init  . . . . . . . . . . . . :             5.43        5.43        5.43
    cast  . . . . . . . . . . . . :             0.02        0.05        0.07
    wait  . . . . . . . . . . . . :            40.44       61.74       83.04
ptrsv . . . . . . . . . . . . . . :             1.73        1.73        1.73
================================================================================
--------------------------------------------------------------------------------
||Ax-b||_oo/(eps*(||A||_oo*||x||_oo+||b||_oo)*N)=   3.73126774e-03 ...... PASSED
================================================================================

Finished      1 tests with the following results:
              1 tests completed and passed residual checks,
              0 tests completed and failed residual checks,
              0 tests skipped because of illegal input values.
--------------------------------------------------------------------------------

End of Tests.
================================================================================
