/var/spool/slurm/job49372698/slurm_script: line 13: export: `tcp,': not a valid identifier
================================================================================
AMD Zen HPL 2023_07_18
================================================================================
Dervied from:
HPLinpack 2.3  --  High-Performance Linpack benchmark  --   December 2, 2018
Written by A. Petitet and R. Clint Whaley,  Innovative Computing Laboratory, UTK
Modified by Piotr Luszczek, Innovative Computing Laboratory, UTK
Modified by Julien Langou, University of Colorado Denver
================================================================================

An explanation of the input/output parameters follows:
T/V    : Wall time / encoded variant.
N      : The order of the coefficient matrix A.
NB     : The partitioning blocking factor.
P      : The number of process rows.
Q      : The number of process columns.
Time   : Time in seconds to solve the linear system.
Gflops : Rate of execution for solving the linear system.

The following parameter values will be used:

N      :  174232 
NB     :     224 
PMAP   : Row-major process mapping
P      :       1 
Q      :       1 
PFACT  :   Crout 
NBMIN  :      30 
NDIV   :       8 
RFACT  :   Right 
BCAST  :  HybBcast 
DEPTH  :       1 
SWAP   : (211) Spread-roll
L1     : transposed form
A      : no-transposed form (ColMajor)
EQUIL  : no
ALIGN  : 8 double precision words
MXSWP  : (1/c) Collective 

--------------------------------------------------------------------------------

- The matrix A is randomly generated for each test.
- The following scaled residual check will be computed:
      ||Ax-b||_oo / ( eps * ( || x ||_oo * || A ||_oo + || b ||_oo ) * N )
- The relative machine precision (eps) is taken to be               1.110223e-16
- Computational tests pass if scaled residuals are less than                16.0

Failed to open cycle counter.  Clock Speed will not report.
   Column Complete      eFreq     Cur Rate     Est Rate
000000224     0.1%   0.000Ghz   1.6339e+03   1.6339e+03
000000448     0.3%   0.000Ghz   1.6378e+03   1.6358e+03
000000672     0.4%   0.000Ghz   1.6400e+03   1.6372e+03
000000896     0.5%   0.000Ghz   1.6414e+03   1.6383e+03
000001120     0.6%   0.000Ghz   1.6360e+03   1.6378e+03
000001344     0.8%   0.000Ghz   1.6209e+03   1.6350e+03
000001568     0.9%   0.000Ghz   1.6272e+03   1.6339e+03
000001792     1.0%   0.000Ghz   1.6338e+03   1.6339e+03
000002016     1.2%   0.000Ghz   1.6355e+03   1.6340e+03
000002240     1.3%   0.000Ghz   1.6464e+03   1.6353e+03
000002464     1.4%   0.000Ghz   1.6461e+03   1.6362e+03
000002688     1.5%   0.000Ghz   1.6463e+03   1.6370e+03
000002912     1.7%   0.000Ghz   1.6406e+03   1.6373e+03
000003136     1.8%   0.000Ghz   1.6429e+03   1.6377e+03
000003360     1.9%   0.000Ghz   1.6462e+03   1.6383e+03
000003584     2.1%   0.000Ghz   1.6463e+03   1.6387e+03
000003808     2.2%   0.000Ghz   1.6457e+03   1.6391e+03
000004032     2.3%   0.000Ghz   1.6484e+03   1.6396e+03
000004256     2.4%   0.000Ghz   1.6443e+03   1.6399e+03
000004480     2.6%   0.000Ghz   1.6463e+03   1.6402e+03
000004704     2.7%   0.000Ghz   1.6534e+03   1.6408e+03
000004928     2.8%   0.000Ghz   1.6275e+03   1.6402e+03
000005152     3.0%   0.000Ghz   1.6551e+03   1.6408e+03
000005376     3.1%   0.000Ghz   1.6395e+03   1.6408e+03
000005600     3.2%   0.000Ghz   1.6445e+03   1.6409e+03
000005824     3.3%   0.000Ghz   1.6510e+03   1.6413e+03
000006048     3.5%   0.000Ghz   1.6469e+03   1.6415e+03
000006272     3.6%   0.000Ghz   1.6488e+03   1.6417e+03
000006496     3.7%   0.000Ghz   1.6532e+03   1.6421e+03
000006720     3.9%   0.000Ghz   1.6386e+03   1.6420e+03
000006944     4.0%   0.000Ghz   1.6320e+03   1.6417e+03
000007168     4.1%   0.000Ghz   1.6264e+03   1.6412e+03
000007392     4.2%   0.000Ghz   1.6248e+03   1.6408e+03
000007616     4.4%   0.000Ghz   1.6215e+03   1.6402e+03
000007840     4.5%   0.000Ghz   1.6286e+03   1.6399e+03
000008064     4.6%   0.000Ghz   1.6399e+03   1.6399e+03
000008288     4.8%   0.000Ghz   1.6334e+03   1.6397e+03
000008512     4.9%   0.000Ghz   1.6473e+03   1.6399e+03
000008736     5.0%   0.000Ghz   1.6510e+03   1.6402e+03
000008960     5.1%   0.000Ghz   1.6513e+03   1.6404e+03
000009184     5.3%   0.000Ghz   1.6505e+03   1.6407e+03
000009408     5.4%   0.000Ghz   1.6495e+03   1.6409e+03
000009632     5.5%   0.000Ghz   1.6476e+03   1.6410e+03
000009856     5.7%   0.000Ghz   1.6512e+03   1.6412e+03
000010080     5.8%   0.000Ghz   1.6526e+03   1.6415e+03
000010304     5.9%   0.000Ghz   1.6502e+03   1.6416e+03
000010528     6.0%   0.000Ghz   1.6477e+03   1.6418e+03
000010752     6.2%   0.000Ghz   1.6460e+03   1.6418e+03
000010976     6.3%   0.000Ghz   1.6453e+03   1.6419e+03
000011200     6.4%   0.000Ghz   1.6229e+03   1.6416e+03
000011424     6.6%   0.000Ghz   1.6427e+03   1.6416e+03
000011648     6.7%   0.000Ghz   1.6480e+03   1.6417e+03
000011872     6.8%   0.000Ghz   1.6462e+03   1.6418e+03
000012096     6.9%   0.000Ghz   1.6435e+03   1.6418e+03
000012320     7.1%   0.000Ghz   1.6129e+03   1.6413e+03
000012544     7.2%   0.000Ghz   1.4473e+03   1.6377e+03
000012768     7.3%   0.000Ghz   1.5696e+03   1.6365e+03
000012992     7.5%   0.000Ghz   1.6440e+03   1.6366e+03
000013216     7.6%   0.000Ghz   1.6205e+03   1.6364e+03
000013440     7.7%   0.000Ghz   1.6152e+03   1.6360e+03
000013664     7.8%   0.000Ghz   1.6270e+03   1.6359e+03
000013888     8.0%   0.000Ghz   1.6263e+03   1.6358e+03
000014112     8.1%   0.000Ghz   1.6348e+03   1.6358e+03
000014336     8.2%   0.000Ghz   1.6454e+03   1.6359e+03
000014560     8.4%   0.000Ghz   1.6481e+03   1.6361e+03
000014784     8.5%   0.000Ghz   1.6475e+03   1.6362e+03
000015008     8.6%   0.000Ghz   1.6474e+03   1.6364e+03
000015232     8.7%   0.000Ghz   1.6462e+03   1.6365e+03
000015456     8.9%   0.000Ghz   1.6437e+03   1.6366e+03
000015680     9.0%   0.000Ghz   1.6472e+03   1.6367e+03
000015904     9.1%   0.000Ghz   1.6455e+03   1.6368e+03
000016128     9.3%   0.000Ghz   1.6400e+03   1.6369e+03
000016352     9.4%   0.000Ghz   1.6443e+03   1.6370e+03
000016576     9.5%   0.000Ghz   1.6166e+03   1.6367e+03
000016800     9.6%   0.000Ghz   1.6436e+03   1.6368e+03
000017024     9.8%   0.000Ghz   1.6428e+03   1.6369e+03
000017248     9.9%   0.000Ghz   1.6434e+03   1.6369e+03
000017472    10.0%   0.000Ghz   1.6391e+03   1.6370e+03
000017696    10.2%   0.000Ghz   1.6454e+03   1.6371e+03
000017920    10.3%   0.000Ghz   1.6475e+03   1.6372e+03
000018144    10.4%   0.000Ghz   1.6421e+03   1.6372e+03
000018368    10.5%   0.000Ghz   1.6396e+03   1.6373e+03
000018592    10.7%   0.000Ghz   1.6326e+03   1.6372e+03
000018816    10.8%   0.000Ghz   1.6126e+03   1.6369e+03
000019040    10.9%   0.000Ghz   1.6243e+03   1.6368e+03
000019264    11.1%   0.000Ghz   1.6246e+03   1.6367e+03
000019488    11.2%   0.000Ghz   1.6158e+03   1.6365e+03
000019712    11.3%   0.000Ghz   1.6308e+03   1.6364e+03
000019936    11.4%   0.000Ghz   1.6360e+03   1.6364e+03
000020160    11.6%   0.000Ghz   1.6344e+03   1.6364e+03
000020384    11.7%   0.000Ghz   1.6422e+03   1.6364e+03
000020608    11.8%   0.000Ghz   1.6454e+03   1.6365e+03
000020832    12.0%   0.000Ghz   1.6442e+03   1.6366e+03
000021056    12.1%   0.000Ghz   1.6414e+03   1.6366e+03
000021280    12.2%   0.000Ghz   1.6365e+03   1.6366e+03
000021504    12.3%   0.000Ghz   1.6358e+03   1.6366e+03
000021728    12.5%   0.000Ghz   1.6437e+03   1.6367e+03
000021952    12.6%   0.000Ghz   1.6419e+03   1.6367e+03
000022176    12.7%   0.000Ghz   1.6410e+03   1.6368e+03
000022400    12.9%   0.000Ghz   1.6361e+03   1.6368e+03
000022624    13.0%   0.000Ghz   1.6128e+03   1.6366e+03
000022848    13.1%   0.000Ghz   1.6441e+03   1.6366e+03
000023072    13.2%   0.000Ghz   1.6404e+03   1.6367e+03
000023296    13.4%   0.000Ghz   1.6413e+03   1.6367e+03
000023520    13.5%   0.000Ghz   1.6413e+03   1.6367e+03
000023744    13.6%   0.000Ghz   1.6443e+03   1.6368e+03
000023968    13.8%   0.000Ghz   1.6366e+03   1.6368e+03
000024192    13.9%   0.000Ghz   1.6372e+03   1.6368e+03
000024416    14.0%   0.000Ghz   1.6369e+03   1.6368e+03
000024640    14.1%   0.000Ghz   1.6322e+03   1.6368e+03
000024864    14.3%   0.000Ghz   1.6302e+03   1.6367e+03
000025088    14.4%   0.000Ghz   1.6190e+03   1.6366e+03
000025312    14.5%   0.000Ghz   1.6121e+03   1.6364e+03
000025536    14.7%   0.000Ghz   1.6223e+03   1.6363e+03
000025760    14.8%   0.000Ghz   1.6249e+03   1.6362e+03
000025984    14.9%   0.000Ghz   1.6293e+03   1.6362e+03
000026208    15.0%   0.000Ghz   1.6392e+03   1.6362e+03
000026432    15.2%   0.000Ghz   1.6381e+03   1.6362e+03
000026656    15.3%   0.000Ghz   1.6335e+03   1.6362e+03
000026880    15.4%   0.000Ghz   1.6415e+03   1.6362e+03
000027104    15.6%   0.000Ghz   1.6402e+03   1.6362e+03
000027328    15.7%   0.000Ghz   1.6361e+03   1.6362e+03
000027552    15.8%   0.000Ghz   1.6369e+03   1.6362e+03
000027776    15.9%   0.000Ghz   1.6380e+03   1.6363e+03
000028000    16.1%   0.000Ghz   1.6362e+03   1.6363e+03
000028224    16.2%   0.000Ghz   1.6380e+03   1.6363e+03
000028448    16.3%   0.000Ghz   1.6363e+03   1.6363e+03
000028672    16.5%   0.000Ghz   1.6341e+03   1.6363e+03
000028896    16.6%   0.000Ghz   1.6348e+03   1.6362e+03
000029120    16.7%   0.000Ghz   1.6297e+03   1.6362e+03
000029344    16.8%   0.000Ghz   1.6214e+03   1.6361e+03
000029568    17.0%   0.000Ghz   1.6342e+03   1.6361e+03
000029792    17.1%   0.000Ghz   1.6353e+03   1.6361e+03
000030016    17.2%   0.000Ghz   1.6327e+03   1.6361e+03
000030240    17.4%   0.000Ghz   1.6350e+03   1.6361e+03
000030464    17.5%   0.000Ghz   1.6325e+03   1.6360e+03
000030688    17.6%   0.000Ghz   1.6169e+03   1.6359e+03
000030912    17.7%   0.000Ghz   1.6199e+03   1.6358e+03
000031136    17.9%   0.000Ghz   1.6155e+03   1.6357e+03
000031360    18.0%   0.000Ghz   1.6067e+03   1.6355e+03
000031584    18.1%   0.000Ghz   1.6173e+03   1.6354e+03
000031808    18.3%   0.000Ghz   1.6196e+03   1.6353e+03
000032032    18.4%   0.000Ghz   1.6109e+03   1.6352e+03
000032256    18.5%   0.000Ghz   1.6276e+03   1.6352e+03
000032480    18.6%   0.000Ghz   1.6354e+03   1.6352e+03
000032704    18.8%   0.000Ghz   1.6358e+03   1.6352e+03
000032928    18.9%   0.000Ghz   1.6351e+03   1.6352e+03
000033152    19.0%   0.000Ghz   1.6339e+03   1.6352e+03
000033376    19.2%   0.000Ghz   1.6261e+03   1.6351e+03
000033600    19.3%   0.000Ghz   1.6301e+03   1.6351e+03
000033824    19.4%   0.000Ghz   1.6364e+03   1.6351e+03
000034048    19.5%   0.000Ghz   1.6301e+03   1.6351e+03
000034272    19.7%   0.000Ghz   1.6231e+03   1.6350e+03
000034496    19.8%   0.000Ghz   1.6237e+03   1.6349e+03
000034720    19.9%   0.000Ghz   1.6322e+03   1.6349e+03
000034944    20.1%   0.000Ghz   1.6285e+03   1.6349e+03
000035168    20.2%   0.000Ghz   1.6283e+03   1.6349e+03
000035392    20.3%   0.000Ghz   1.6318e+03   1.6348e+03
000035616    20.4%   0.000Ghz   1.6339e+03   1.6348e+03
000035840    20.6%   0.000Ghz   1.6315e+03   1.6348e+03
000036064    20.7%   0.000Ghz   1.6342e+03   1.6348e+03
000036288    20.8%   0.000Ghz   1.6285e+03   1.6348e+03
000036512    21.0%   0.000Ghz   1.6169e+03   1.6347e+03
000036736    21.1%   0.000Ghz   1.6243e+03   1.6347e+03
000036960    21.2%   0.000Ghz   1.6116e+03   1.6345e+03
000037184    21.3%   0.000Ghz   1.5819e+03   1.6343e+03
000037408    21.5%   0.000Ghz   1.6068e+03   1.6342e+03
000037632    21.6%   0.000Ghz   1.6179e+03   1.6341e+03
000037856    21.7%   0.000Ghz   1.6205e+03   1.6340e+03
000038080    21.9%   0.000Ghz   1.6370e+03   1.6340e+03
000038304    22.0%   0.000Ghz   1.6320e+03   1.6340e+03
000038528    22.1%   0.000Ghz   1.6364e+03   1.6340e+03
000038752    22.2%   0.000Ghz   1.6399e+03   1.6341e+03
000038976    22.4%   0.000Ghz   1.6310e+03   1.6341e+03
000039200    22.5%   0.000Ghz   1.6294e+03   1.6340e+03
000039424    22.6%   0.000Ghz   1.6374e+03   1.6340e+03
000039648    22.8%   0.000Ghz   1.6363e+03   1.6341e+03
000039872    22.9%   0.000Ghz   1.6270e+03   1.6340e+03
000040096    23.0%   0.000Ghz   1.6308e+03   1.6340e+03
000040320    23.1%   0.000Ghz   1.6337e+03   1.6340e+03
000040544    23.3%   0.000Ghz   1.6324e+03   1.6340e+03
000040768    23.4%   0.000Ghz   1.6294e+03   1.6340e+03
000040992    23.5%   0.000Ghz   1.5420e+03   1.6336e+03
000041216    23.7%   0.000Ghz   1.6321e+03   1.6336e+03
000041440    23.8%   0.000Ghz   1.6352e+03   1.6336e+03
000041664    23.9%   0.000Ghz   1.6410e+03   1.6336e+03
000041888    24.0%   0.000Ghz   1.6368e+03   1.6336e+03
000042112    24.2%   0.000Ghz   1.6321e+03   1.6336e+03
000042336    24.3%   0.000Ghz   1.6264e+03   1.6336e+03
000042560    24.4%   0.000Ghz   1.6143e+03   1.6335e+03
000042784    24.6%   0.000Ghz   1.6128e+03   1.6334e+03
000043008    24.7%   0.000Ghz   1.6149e+03   1.6334e+03
000043232    24.8%   0.000Ghz   1.6036e+03   1.6333e+03
000043456    24.9%   0.000Ghz   1.6125e+03   1.6332e+03
000043680    25.1%   0.000Ghz   1.6377e+03   1.6332e+03
000043904    25.2%   0.000Ghz   1.6168e+03   1.6331e+03
000044128    25.3%   0.000Ghz   1.6253e+03   1.6331e+03
000044352    25.5%   0.000Ghz   1.6371e+03   1.6331e+03
000044576    25.6%   0.000Ghz   1.6334e+03   1.6331e+03
000044800    25.7%   0.000Ghz   1.6330e+03   1.6331e+03
000045024    25.8%   0.000Ghz   1.6252e+03   1.6331e+03
000045248    26.0%   0.000Ghz   1.6298e+03   1.6331e+03
000045472    26.1%   0.000Ghz   1.6324e+03   1.6331e+03
000045696    26.2%   0.000Ghz   1.6354e+03   1.6331e+03
000045920    26.4%   0.000Ghz   1.6349e+03   1.6331e+03
000046144    26.5%   0.000Ghz   1.6308e+03   1.6331e+03
000046368    26.6%   0.000Ghz   1.5976e+03   1.6330e+03
000046592    26.7%   0.000Ghz   1.5523e+03   1.6327e+03
000046816    26.9%   0.000Ghz   1.6215e+03   1.6326e+03
000047040    27.0%   0.000Ghz   1.4461e+03   1.6319e+03
000047264    27.1%   0.000Ghz   1.4208e+03   1.6311e+03
000047488    27.3%   0.000Ghz   1.3658e+03   1.6301e+03
000047712    27.4%   0.000Ghz   1.3671e+03   1.6290e+03
000047936    27.5%   0.000Ghz   1.3762e+03   1.6280e+03
000048160    27.6%   0.000Ghz   1.3818e+03   1.6271e+03
000048384    27.8%   0.000Ghz   1.4833e+03   1.6266e+03
000048608    27.9%   0.000Ghz   1.5987e+03   1.6265e+03
000048832    28.0%   0.000Ghz   1.5055e+03   1.6261e+03
000049056    28.2%   0.000Ghz   1.4593e+03   1.6255e+03
000049280    28.3%   0.000Ghz   1.4740e+03   1.6250e+03
000049504    28.4%   0.000Ghz   1.6189e+03   1.6249e+03
000049728    28.5%   0.000Ghz   1.6181e+03   1.6249e+03
000049952    28.7%   0.000Ghz   1.6287e+03   1.6249e+03
000050176    28.8%   0.000Ghz   1.6279e+03   1.6249e+03
000050400    28.9%   0.000Ghz   1.6248e+03   1.6249e+03
000050624    29.1%   0.000Ghz   1.6291e+03   1.6250e+03
000050848    29.2%   0.000Ghz   1.6290e+03   1.6250e+03
000051072    29.3%   0.000Ghz   1.5915e+03   1.6249e+03
000051296    29.4%   0.000Ghz   1.6311e+03   1.6249e+03
000051520    29.6%   0.000Ghz   1.6287e+03   1.6249e+03
000051744    29.7%   0.000Ghz   1.6297e+03   1.6249e+03
000051968    29.8%   0.000Ghz   1.6244e+03   1.6249e+03
000052192    30.0%   0.000Ghz   1.6300e+03   1.6249e+03
000052416    30.1%   0.000Ghz   1.6304e+03   1.6249e+03
000052640    30.2%   0.000Ghz   1.6332e+03   1.6250e+03
000052864    30.3%   0.000Ghz   1.6297e+03   1.6250e+03
000053088    30.5%   0.000Ghz   1.6238e+03   1.6250e+03
000053312    30.6%   0.000Ghz   1.6277e+03   1.6250e+03
000053536    30.7%   0.000Ghz   1.6316e+03   1.6250e+03
000053760    30.9%   0.000Ghz   1.6291e+03   1.6250e+03
000053984    31.0%   0.000Ghz   1.6289e+03   1.6250e+03
000054208    31.1%   0.000Ghz   1.6293e+03   1.6250e+03
000054432    31.2%   0.000Ghz   1.6226e+03   1.6250e+03
000054656    31.4%   0.000Ghz   1.6141e+03   1.6250e+03
000054880    31.5%   0.000Ghz   1.6089e+03   1.6249e+03
000055104    31.6%   0.000Ghz   1.6033e+03   1.6249e+03
000055328    31.8%   0.000Ghz   1.6026e+03   1.6248e+03
000055552    31.9%   0.000Ghz   1.6148e+03   1.6248e+03
000055776    32.0%   0.000Ghz   1.6137e+03   1.6248e+03
000056000    32.1%   0.000Ghz   1.6197e+03   1.6248e+03
000056224    32.3%   0.000Ghz   1.6246e+03   1.6248e+03
000056448    32.4%   0.000Ghz   1.6242e+03   1.6248e+03
000056672    32.5%   0.000Ghz   1.6242e+03   1.6248e+03
000056896    32.7%   0.000Ghz   1.6256e+03   1.6248e+03
000057120    32.8%   0.000Ghz   1.6276e+03   1.6248e+03
000057344    32.9%   0.000Ghz   1.6195e+03   1.6248e+03
000057568    33.0%   0.000Ghz   1.6202e+03   1.6247e+03
000057792    33.2%   0.000Ghz   1.6249e+03   1.6247e+03
000058016    33.3%   0.000Ghz   1.6182e+03   1.6247e+03
000058240    33.4%   0.000Ghz   1.6196e+03   1.6247e+03
000058464    33.6%   0.000Ghz   1.6222e+03   1.6247e+03
000058688    33.7%   0.000Ghz   1.6258e+03   1.6247e+03
000058912    33.8%   0.000Ghz   1.6176e+03   1.6247e+03
000059136    33.9%   0.000Ghz   1.6255e+03   1.6247e+03
000059360    34.1%   0.000Ghz   1.6247e+03   1.6247e+03
000059584    34.2%   0.000Ghz   1.6239e+03   1.6247e+03
000059808    34.3%   0.000Ghz   1.6226e+03   1.6247e+03
000060032    34.5%   0.000Ghz   1.6253e+03   1.6247e+03
000060256    34.6%   0.000Ghz   1.6188e+03   1.6247e+03
000060480    34.7%   0.000Ghz   1.6153e+03   1.6247e+03
000060704    34.8%   0.000Ghz   1.6113e+03   1.6246e+03
000060928    35.0%   0.000Ghz   1.5796e+03   1.6245e+03
000061152    35.1%   0.000Ghz   1.5968e+03   1.6245e+03
000061376    35.2%   0.000Ghz   1.5961e+03   1.6244e+03
000061600    35.4%   0.000Ghz   1.5939e+03   1.6243e+03
000061824    35.5%   0.000Ghz   1.6147e+03   1.6243e+03
000062048    35.6%   0.000Ghz   1.6175e+03   1.6243e+03
000062272    35.7%   0.000Ghz   1.6184e+03   1.6243e+03
000062496    35.9%   0.000Ghz   1.6202e+03   1.6243e+03
000062720    36.0%   0.000Ghz   1.6191e+03   1.6243e+03
000062944    36.1%   0.000Ghz   1.6171e+03   1.6242e+03
000063168    36.3%   0.000Ghz   1.6146e+03   1.6242e+03
000063392    36.4%   0.000Ghz   1.6160e+03   1.6242e+03
000063616    36.5%   0.000Ghz   1.6044e+03   1.6242e+03
000063840    36.6%   0.000Ghz   1.6130e+03   1.6241e+03
000064064    36.8%   0.000Ghz   1.6150e+03   1.6241e+03
000064288    36.9%   0.000Ghz   1.6133e+03   1.6241e+03
000064512    37.0%   0.000Ghz   1.6149e+03   1.6241e+03
000064736    37.2%   0.000Ghz   1.6173e+03   1.6241e+03
000064960    37.3%   0.000Ghz   1.6164e+03   1.6240e+03
000065184    37.4%   0.000Ghz   1.6134e+03   1.6240e+03
000065408    37.5%   0.000Ghz   1.6205e+03   1.6240e+03
000065632    37.7%   0.000Ghz   1.6180e+03   1.6240e+03
000065856    37.8%   0.000Ghz   1.6142e+03   1.6240e+03
000066080    37.9%   0.000Ghz   1.6051e+03   1.6240e+03
000066304    38.1%   0.000Ghz   1.6068e+03   1.6239e+03
000066528    38.2%   0.000Ghz   1.5984e+03   1.6239e+03
000066752    38.3%   0.000Ghz   1.5961e+03   1.6238e+03
000066976    38.4%   0.000Ghz   1.5929e+03   1.6238e+03
000067200    38.6%   0.000Ghz   1.5891e+03   1.6237e+03
000067424    38.7%   0.000Ghz   1.6075e+03   1.6237e+03
000067648    38.8%   0.000Ghz   1.6083e+03   1.6236e+03
000067872    39.0%   0.000Ghz   1.6091e+03   1.6236e+03
000068096    39.1%   0.000Ghz   1.5538e+03   1.6235e+03
000068320    39.2%   0.000Ghz   1.6015e+03   1.6234e+03
000068544    39.3%   0.000Ghz   1.5751e+03   1.6233e+03
000068768    39.5%   0.000Ghz   1.3760e+03   1.6228e+03
000068992    39.6%   0.000Ghz   1.3746e+03   1.6223e+03
000069216    39.7%   0.000Ghz   1.4601e+03   1.6219e+03
000069440    39.9%   0.000Ghz   1.3441e+03   1.6213e+03
000069664    40.0%   0.000Ghz   1.4204e+03   1.6209e+03
000069888    40.1%   0.000Ghz   1.5854e+03   1.6209e+03
000070112    40.2%   0.000Ghz   1.4927e+03   1.6206e+03
000070336    40.4%   0.000Ghz   1.4206e+03   1.6202e+03
000070560    40.5%   0.000Ghz   1.3287e+03   1.6196e+03
000070784    40.6%   0.000Ghz   1.3781e+03   1.6191e+03
000071008    40.8%   0.000Ghz   1.3655e+03   1.6186e+03
000071232    40.9%   0.000Ghz   1.5749e+03   1.6185e+03
000071456    41.0%   0.000Ghz   1.6098e+03   1.6185e+03
000071680    41.1%   0.000Ghz   1.6098e+03   1.6185e+03
000071904    41.3%   0.000Ghz   1.6130e+03   1.6185e+03
000072128    41.4%   0.000Ghz   1.6018e+03   1.6185e+03
000072352    41.5%   0.000Ghz   1.6103e+03   1.6185e+03
000072576    41.7%   0.000Ghz   1.6000e+03   1.6184e+03
000072800    41.8%   0.000Ghz   1.5727e+03   1.6183e+03
000073024    41.9%   0.000Ghz   1.5820e+03   1.6183e+03
000073248    42.0%   0.000Ghz   1.4519e+03   1.6180e+03
000073472    42.2%   0.000Ghz   1.3263e+03   1.6174e+03
000073696    42.3%   0.000Ghz   1.3744e+03   1.6170e+03
000073920    42.4%   0.000Ghz   1.3908e+03   1.6165e+03
000074144    42.6%   0.000Ghz   1.4433e+03   1.6162e+03
000074368    42.7%   0.000Ghz   1.5890e+03   1.6162e+03
000074592    42.8%   0.000Ghz   1.6149e+03   1.6162e+03
000074816    42.9%   0.000Ghz   1.6119e+03   1.6162e+03
000075040    43.1%   0.000Ghz   1.6065e+03   1.6162e+03
000075264    43.2%   0.000Ghz   1.6135e+03   1.6162e+03
000075488    43.3%   0.000Ghz   1.6124e+03   1.6162e+03
000075712    43.5%   0.000Ghz   1.6104e+03   1.6162e+03
000075936    43.6%   0.000Ghz   1.6180e+03   1.6162e+03
000076160    43.7%   0.000Ghz   1.5883e+03   1.6161e+03
000076384    43.8%   0.000Ghz   1.5828e+03   1.6161e+03
000076608    44.0%   0.000Ghz   1.5357e+03   1.6159e+03
000076832    44.1%   0.000Ghz   1.3531e+03   1.6155e+03
000077056    44.2%   0.000Ghz   1.3628e+03   1.6150e+03
000077280    44.4%   0.000Ghz   1.3492e+03   1.6146e+03
000077504    44.5%   0.000Ghz   1.4143e+03   1.6143e+03
000077728    44.6%   0.000Ghz   1.4097e+03   1.6139e+03
000077952    44.7%   0.000Ghz   1.4021e+03   1.6136e+03
000078176    44.9%   0.000Ghz   1.5897e+03   1.6135e+03
000078400    45.0%   0.000Ghz   1.5739e+03   1.6135e+03
000078624    45.1%   0.000Ghz   1.4155e+03   1.6132e+03
000078848    45.3%   0.000Ghz   1.4247e+03   1.6129e+03
000079072    45.4%   0.000Ghz   1.3379e+03   1.6124e+03
000079296    45.5%   0.000Ghz   1.3646e+03   1.6120e+03
000079520    45.6%   0.000Ghz   1.3644e+03   1.6116e+03
000079744    45.8%   0.000Ghz   1.4873e+03   1.6114e+03
000079968    45.9%   0.000Ghz   1.6161e+03   1.6114e+03
000080192    46.0%   0.000Ghz   1.6139e+03   1.6114e+03
000080416    46.2%   0.000Ghz   1.6138e+03   1.6115e+03
000080640    46.3%   0.000Ghz   1.6091e+03   1.6114e+03
000080864    46.4%   0.000Ghz   1.6136e+03   1.6115e+03
000081088    46.5%   0.000Ghz   1.6115e+03   1.6115e+03
000081312    46.7%   0.000Ghz   1.6068e+03   1.6114e+03
000081536    46.8%   0.000Ghz   1.6083e+03   1.6114e+03
000081760    46.9%   0.000Ghz   1.5862e+03   1.6114e+03
000081984    47.1%   0.000Ghz   1.5715e+03   1.6114e+03
000082208    47.2%   0.000Ghz   1.5466e+03   1.6113e+03
000082432    47.3%   0.000Ghz   1.3421e+03   1.6109e+03
000082656    47.4%   0.000Ghz   1.3558e+03   1.6105e+03
000082880    47.6%   0.000Ghz   1.3382e+03   1.6101e+03
000083104    47.7%   0.000Ghz   1.3928e+03   1.6098e+03
000083328    47.8%   0.000Ghz   1.4302e+03   1.6095e+03
000083552    48.0%   0.000Ghz   1.6146e+03   1.6095e+03
000083776    48.1%   0.000Ghz   1.6124e+03   1.6095e+03
000084000    48.2%   0.000Ghz   1.6034e+03   1.6095e+03
000084224    48.3%   0.000Ghz   1.5983e+03   1.6095e+03
000084448    48.5%   0.000Ghz   1.5987e+03   1.6095e+03
000084672    48.6%   0.000Ghz   1.5613e+03   1.6094e+03
000084896    48.7%   0.000Ghz   1.5620e+03   1.6094e+03
000085120    48.9%   0.000Ghz   1.5018e+03   1.6092e+03
000085344    49.0%   0.000Ghz   1.3530e+03   1.6089e+03
000085568    49.1%   0.000Ghz   1.3721e+03   1.6086e+03
000085792    49.2%   0.000Ghz   1.3570e+03   1.6082e+03
000086016    49.4%   0.000Ghz   1.3695e+03   1.6079e+03
000086240    49.5%   0.000Ghz   1.4482e+03   1.6077e+03
000086464    49.6%   0.000Ghz   1.5728e+03   1.6077e+03
000086688    49.8%   0.000Ghz   1.6117e+03   1.6077e+03
000086912    49.9%   0.000Ghz   1.6066e+03   1.6077e+03
000087136    50.0%   0.000Ghz   1.6059e+03   1.6077e+03
000087360    50.1%   0.000Ghz   1.6105e+03   1.6077e+03
000087584    50.3%   0.000Ghz   1.6027e+03   1.6077e+03
000087808    50.4%   0.000Ghz   1.5859e+03   1.6076e+03
000088032    50.5%   0.000Ghz   1.5659e+03   1.6076e+03
000088256    50.7%   0.000Ghz   1.5690e+03   1.6076e+03
000088480    50.8%   0.000Ghz   1.3681e+03   1.6073e+03
000088704    50.9%   0.000Ghz   1.3525e+03   1.6069e+03
000088928    51.0%   0.000Ghz   1.3614e+03   1.6066e+03
000089152    51.2%   0.000Ghz   1.3394e+03   1.6063e+03
000089376    51.3%   0.000Ghz   1.4553e+03   1.6061e+03
000089600    51.4%   0.000Ghz   1.5649e+03   1.6061e+03
000089824    51.6%   0.000Ghz   1.5635e+03   1.6060e+03
000090048    51.7%   0.000Ghz   1.6034e+03   1.6060e+03
000090272    51.8%   0.000Ghz   1.5792e+03   1.6060e+03
000090496    51.9%   0.000Ghz   1.5727e+03   1.6060e+03
000090720    52.1%   0.000Ghz   1.5957e+03   1.6060e+03
000090944    52.2%   0.000Ghz   1.5879e+03   1.6059e+03
000091168    52.3%   0.000Ghz   1.5920e+03   1.6059e+03
000091392    52.5%   0.000Ghz   1.5969e+03   1.6059e+03
000091616    52.6%   0.000Ghz   1.6047e+03   1.6059e+03
000091840    52.7%   0.000Ghz   1.5997e+03   1.6059e+03
000092064    52.8%   0.000Ghz   1.6081e+03   1.6059e+03
000092288    53.0%   0.000Ghz   1.6078e+03   1.6059e+03
000092512    53.1%   0.000Ghz   1.5909e+03   1.6059e+03
000092736    53.2%   0.000Ghz   1.5954e+03   1.6059e+03
000092960    53.4%   0.000Ghz   1.6034e+03   1.6059e+03
000093184    53.5%   0.000Ghz   1.5877e+03   1.6059e+03
000093408    53.6%   0.000Ghz   1.5938e+03   1.6059e+03
000093632    53.7%   0.000Ghz   1.5675e+03   1.6058e+03
000093856    53.9%   0.000Ghz   1.5391e+03   1.6058e+03
000094080    54.0%   0.000Ghz   1.5506e+03   1.6057e+03
000094304    54.1%   0.000Ghz   1.3268e+03   1.6054e+03
000094528    54.3%   0.000Ghz   1.3441e+03   1.6051e+03
000094752    54.4%   0.000Ghz   1.3391e+03   1.6048e+03
000094976    54.5%   0.000Ghz   1.3576e+03   1.6046e+03
000095200    54.6%   0.000Ghz   1.3394e+03   1.6043e+03
000095424    54.8%   0.000Ghz   1.3589e+03   1.6041e+03
000095648    54.9%   0.000Ghz   1.3341e+03   1.6038e+03
000095872    55.0%   0.000Ghz   1.3770e+03   1.6035e+03
000096096    55.2%   0.000Ghz   1.3992e+03   1.6033e+03
000096320    55.3%   0.000Ghz   1.4758e+03   1.6032e+03
000096544    55.4%   0.000Ghz   1.5316e+03   1.6032e+03
000096768    55.5%   0.000Ghz   1.5602e+03   1.6031e+03
000096992    55.7%   0.000Ghz   1.3984e+03   1.6029e+03
000097216    55.8%   0.000Ghz   1.3476e+03   1.6027e+03
000097440    55.9%   0.000Ghz   1.3767e+03   1.6025e+03
000097664    56.1%   0.000Ghz   1.2950e+03   1.6022e+03
000097888    56.2%   0.000Ghz   1.2808e+03   1.6018e+03
000098112    56.3%   0.000Ghz   1.3241e+03   1.6016e+03
000098336    56.4%   0.000Ghz   1.3156e+03   1.6013e+03
000098560    56.6%   0.000Ghz   1.3296e+03   1.6010e+03
000098784    56.7%   0.000Ghz   1.5092e+03   1.6009e+03
000099008    56.8%   0.000Ghz   1.5638e+03   1.6009e+03
000099232    57.0%   0.000Ghz   1.5860e+03   1.6009e+03
000099456    57.1%   0.000Ghz   1.5890e+03   1.6009e+03
000099680    57.2%   0.000Ghz   1.5921e+03   1.6009e+03
000099904    57.3%   0.000Ghz   1.5837e+03   1.6009e+03
000100128    57.5%   0.000Ghz   1.5837e+03   1.6009e+03
000100352    57.6%   0.000Ghz   1.5733e+03   1.6008e+03
000100576    57.7%   0.000Ghz   1.5819e+03   1.6008e+03
000100800    57.9%   0.000Ghz   1.5850e+03   1.6008e+03
000101024    58.0%   0.000Ghz   1.5900e+03   1.6008e+03
000101248    58.1%   0.000Ghz   1.5912e+03   1.6008e+03
000101472    58.2%   0.000Ghz   1.5802e+03   1.6008e+03
000101696    58.4%   0.000Ghz   1.5879e+03   1.6008e+03
000101920    58.5%   0.000Ghz   1.5858e+03   1.6008e+03
000102144    58.6%   0.000Ghz   1.5745e+03   1.6007e+03
000102368    58.8%   0.000Ghz   1.5713e+03   1.6007e+03
000102592    58.9%   0.000Ghz   1.5616e+03   1.6007e+03
000102816    59.0%   0.000Ghz   1.5531e+03   1.6007e+03
000103040    59.1%   0.000Ghz   1.5421e+03   1.6006e+03
000103264    59.3%   0.000Ghz   1.5686e+03   1.6006e+03
000103488    59.4%   0.000Ghz   1.5773e+03   1.6006e+03
000103712    59.5%   0.000Ghz   1.5721e+03   1.6006e+03
000103936    59.7%   0.000Ghz   1.5808e+03   1.6005e+03
000104160    59.8%   0.000Ghz   1.5494e+03   1.6005e+03
000104384    59.9%   0.000Ghz   1.4716e+03   1.6004e+03
000104608    60.0%   0.000Ghz   1.5594e+03   1.6004e+03
000104832    60.2%   0.000Ghz   1.4152e+03   1.6003e+03
000105056    60.3%   0.000Ghz   1.2824e+03   1.6000e+03
000105280    60.4%   0.000Ghz   1.3056e+03   1.5998e+03
000105504    60.6%   0.000Ghz   1.3040e+03   1.5995e+03
000105728    60.7%   0.000Ghz   1.2892e+03   1.5993e+03
000105952    60.8%   0.000Ghz   1.3235e+03   1.5991e+03
000106176    60.9%   0.000Ghz   1.3210e+03   1.5989e+03
000106400    61.1%   0.000Ghz   1.3298e+03   1.5987e+03
000106624    61.2%   0.000Ghz   1.3123e+03   1.5984e+03
000106848    61.3%   0.000Ghz   1.3105e+03   1.5982e+03
000107072    61.5%   0.000Ghz   1.3450e+03   1.5980e+03
000107296    61.6%   0.000Ghz   1.3532e+03   1.5979e+03
000107520    61.7%   0.000Ghz   1.4126e+03   1.5977e+03
000107744    61.8%   0.000Ghz   1.5397e+03   1.5977e+03
000107968    62.0%   0.000Ghz   1.5377e+03   1.5977e+03
000108192    62.1%   0.000Ghz   1.5371e+03   1.5976e+03
000108416    62.2%   0.000Ghz   1.4227e+03   1.5975e+03
000108640    62.4%   0.000Ghz   1.3713e+03   1.5974e+03
000108864    62.5%   0.000Ghz   1.3654e+03   1.5972e+03
000109088    62.6%   0.000Ghz   1.3657e+03   1.5971e+03
000109312    62.7%   0.000Ghz   1.4289e+03   1.5969e+03
000109536    62.9%   0.000Ghz   1.3010e+03   1.5967e+03
000109760    63.0%   0.000Ghz   1.2988e+03   1.5965e+03
000109984    63.1%   0.000Ghz   1.2552e+03   1.5963e+03
000110208    63.3%   0.000Ghz   1.3526e+03   1.5961e+03
000110432    63.4%   0.000Ghz   1.3420e+03   1.5960e+03
000110656    63.5%   0.000Ghz   1.3483e+03   1.5958e+03
000110880    63.6%   0.000Ghz   1.3508e+03   1.5957e+03
000111104    63.8%   0.000Ghz   1.5750e+03   1.5957e+03
000111328    63.9%   0.000Ghz   1.5855e+03   1.5956e+03
000111552    64.0%   0.000Ghz   1.5866e+03   1.5956e+03
000111776    64.2%   0.000Ghz   1.5784e+03   1.5956e+03
000112000    64.3%   0.000Ghz   1.5866e+03   1.5956e+03
000112224    64.4%   0.000Ghz   1.5755e+03   1.5956e+03
000112448    64.5%   0.000Ghz   1.5802e+03   1.5956e+03
000112672    64.7%   0.000Ghz   1.5816e+03   1.5956e+03
000112896    64.8%   0.000Ghz   1.5772e+03   1.5956e+03
000113120    64.9%   0.000Ghz   1.5731e+03   1.5956e+03
000113344    65.1%   0.000Ghz   1.5745e+03   1.5956e+03
000113568    65.2%   0.000Ghz   1.5352e+03   1.5955e+03
000113792    65.3%   0.000Ghz   1.5508e+03   1.5955e+03
000114016    65.4%   0.000Ghz   1.5364e+03   1.5955e+03
000114240    65.6%   0.000Ghz   1.5559e+03   1.5955e+03
000114464    65.7%   0.000Ghz   1.5245e+03   1.5954e+03
000114688    65.8%   0.000Ghz   1.3682e+03   1.5953e+03
000114912    66.0%   0.000Ghz   1.3139e+03   1.5951e+03
000115136    66.1%   0.000Ghz   1.3177e+03   1.5950e+03
000115360    66.2%   0.000Ghz   1.3118e+03   1.5948e+03
000115584    66.3%   0.000Ghz   1.3170e+03   1.5947e+03
000115808    66.5%   0.000Ghz   1.3027e+03   1.5945e+03
000116032    66.6%   0.000Ghz   1.3017e+03   1.5944e+03
000116256    66.7%   0.000Ghz   1.3587e+03   1.5942e+03
000116480    66.9%   0.000Ghz   1.3170e+03   1.5941e+03
000116704    67.0%   0.000Ghz   1.3244e+03   1.5939e+03
000116928    67.1%   0.000Ghz   1.3395e+03   1.5938e+03
000117152    67.2%   0.000Ghz   1.3250e+03   1.5937e+03
000117376    67.4%   0.000Ghz   1.5508e+03   1.5937e+03
000117600    67.5%   0.000Ghz   1.5570e+03   1.5936e+03
000117824    67.6%   0.000Ghz   1.5547e+03   1.5936e+03
000118048    67.8%   0.000Ghz   1.5556e+03   1.5936e+03
000118272    67.9%   0.000Ghz   1.5575e+03   1.5936e+03
000118496    68.0%   0.000Ghz   1.5568e+03   1.5936e+03
000118720    68.1%   0.000Ghz   1.5399e+03   1.5936e+03
000118944    68.3%   0.000Ghz   1.5258e+03   1.5935e+03
000119168    68.4%   0.000Ghz   1.5565e+03   1.5935e+03
000119392    68.5%   0.000Ghz   1.5541e+03   1.5935e+03
000119616    68.7%   0.000Ghz   1.5509e+03   1.5935e+03
000119840    68.8%   0.000Ghz   1.5440e+03   1.5935e+03
000120064    68.9%   0.000Ghz   1.5385e+03   1.5934e+03
000120288    69.0%   0.000Ghz   1.5400e+03   1.5934e+03
000120512    69.2%   0.000Ghz   1.5310e+03   1.5934e+03
000120736    69.3%   0.000Ghz   1.5343e+03   1.5934e+03
000120960    69.4%   0.000Ghz   1.5370e+03   1.5933e+03
000121184    69.6%   0.000Ghz   1.5321e+03   1.5933e+03
000121408    69.7%   0.000Ghz   1.5322e+03   1.5933e+03
000121632    69.8%   0.000Ghz   1.5300e+03   1.5933e+03
000121856    69.9%   0.000Ghz   1.5543e+03   1.5933e+03
000122080    70.1%   0.000Ghz   1.5473e+03   1.5932e+03
000122304    70.2%   0.000Ghz   1.5097e+03   1.5932e+03
000122528    70.3%   0.000Ghz   1.5044e+03   1.5932e+03
000122752    70.5%   0.000Ghz   1.5168e+03   1.5931e+03
000122976    70.6%   0.000Ghz   1.4939e+03   1.5931e+03
000123200    70.7%   0.000Ghz   1.5207e+03   1.5931e+03
000123424    70.8%   0.000Ghz   1.4886e+03   1.5930e+03
000123648    71.0%   0.000Ghz   1.2888e+03   1.5929e+03
000123872    71.1%   0.000Ghz   1.2872e+03   1.5928e+03
000124096    71.2%   0.000Ghz   1.2047e+03   1.5926e+03
000124320    71.4%   0.000Ghz   1.2907e+03   1.5925e+03
000124544    71.5%   0.000Ghz   1.2936e+03   1.5924e+03
000124768    71.6%   0.000Ghz   1.2890e+03   1.5923e+03
000124992    71.7%   0.000Ghz   1.2907e+03   1.5922e+03
000125216    71.9%   0.000Ghz   1.2978e+03   1.5920e+03
000125440    72.0%   0.000Ghz   1.2764e+03   1.5919e+03
000125664    72.1%   0.000Ghz   1.2707e+03   1.5918e+03
000125888    72.3%   0.000Ghz   1.2723e+03   1.5917e+03
000126112    72.4%   0.000Ghz   1.3044e+03   1.5916e+03
000126336    72.5%   0.000Ghz   1.2948e+03   1.5915e+03
000126560    72.6%   0.000Ghz   1.3116e+03   1.5914e+03
000126784    72.8%   0.000Ghz   1.2987e+03   1.5913e+03
000127008    72.9%   0.000Ghz   1.2066e+03   1.5911e+03
000127232    73.0%   0.000Ghz   1.2572e+03   1.5910e+03
000127456    73.2%   0.000Ghz   1.2779e+03   1.5909e+03
000127680    73.3%   0.000Ghz   1.3000e+03   1.5908e+03
000127904    73.4%   0.000Ghz   1.3089e+03   1.5907e+03
000128128    73.5%   0.000Ghz   1.3049e+03   1.5906e+03
000128352    73.7%   0.000Ghz   1.4894e+03   1.5905e+03
000128576    73.8%   0.000Ghz   1.5071e+03   1.5905e+03
000128800    73.9%   0.000Ghz   1.5118e+03   1.5905e+03
000129024    74.1%   0.000Ghz   1.5073e+03   1.5905e+03
000129248    74.2%   0.000Ghz   1.3602e+03   1.5904e+03
000129472    74.3%   0.000Ghz   1.4656e+03   1.5904e+03
000129696    74.4%   0.000Ghz   1.4013e+03   1.5903e+03
000129920    74.6%   0.000Ghz   1.4087e+03   1.5903e+03
000130144    74.7%   0.000Ghz   1.5116e+03   1.5902e+03
000130368    74.8%   0.000Ghz   1.4198e+03   1.5902e+03
000130592    75.0%   0.000Ghz   1.3598e+03   1.5901e+03
000130816    75.1%   0.000Ghz   1.4989e+03   1.5901e+03
000131040    75.2%   0.000Ghz   1.4993e+03   1.5901e+03
000131264    75.3%   0.000Ghz   1.4098e+03   1.5900e+03
000131488    75.5%   0.000Ghz   1.4898e+03   1.5900e+03
000131712    75.6%   0.000Ghz   1.4845e+03   1.5900e+03
000131936    75.7%   0.000Ghz   1.4649e+03   1.5900e+03
000132160    75.9%   0.000Ghz   1.4421e+03   1.5899e+03
000132384    76.0%   0.000Ghz   1.3885e+03   1.5899e+03
000132608    76.1%   0.000Ghz   1.4809e+03   1.5898e+03
000132832    76.2%   0.000Ghz   1.3881e+03   1.5898e+03
000133056    76.4%   0.000Ghz   1.4812e+03   1.5898e+03
000133280    76.5%   0.000Ghz   1.4835e+03   1.5897e+03
000133504    76.6%   0.000Ghz   1.4841e+03   1.5897e+03
000133728    76.8%   0.000Ghz   1.3898e+03   1.5897e+03
000133952    76.9%   0.000Ghz   1.3960e+03   1.5896e+03
000134176    77.0%   0.000Ghz   1.3427e+03   1.5896e+03
000134400    77.1%   0.000Ghz   1.4707e+03   1.5895e+03
000134624    77.3%   0.000Ghz   1.4362e+03   1.5895e+03
000134848    77.4%   0.000Ghz   1.3812e+03   1.5894e+03
000135072    77.5%   0.000Ghz   1.3896e+03   1.5894e+03
000135296    77.7%   0.000Ghz   1.3830e+03   1.5894e+03
000135520    77.8%   0.000Ghz   1.3753e+03   1.5893e+03
000135744    77.9%   0.000Ghz   1.3299e+03   1.5892e+03
000135968    78.0%   0.000Ghz   1.4710e+03   1.5892e+03
000136192    78.2%   0.000Ghz   1.3867e+03   1.5892e+03
000136416    78.3%   0.000Ghz   1.4623e+03   1.5892e+03
000136640    78.4%   0.000Ghz   1.3755e+03   1.5891e+03
000136864    78.6%   0.000Ghz   1.3824e+03   1.5891e+03
000137088    78.7%   0.000Ghz   1.4604e+03   1.5890e+03
000137312    78.8%   0.000Ghz   1.4132e+03   1.5890e+03
000137536    78.9%   0.000Ghz   1.4422e+03   1.5890e+03
000137760    79.1%   0.000Ghz   1.4527e+03   1.5890e+03
000137984    79.2%   0.000Ghz   1.4365e+03   1.5889e+03
000138208    79.3%   0.000Ghz   1.4208e+03   1.5889e+03
000138432    79.5%   0.000Ghz   1.4347e+03   1.5889e+03
000138656    79.6%   0.000Ghz   1.4325e+03   1.5888e+03
000138880    79.7%   0.000Ghz   1.4488e+03   1.5888e+03
000139104    79.8%   0.000Ghz   1.4403e+03   1.5888e+03
000139328    80.0%   0.000Ghz   1.3542e+03   1.5887e+03
000139552    80.1%   0.000Ghz   1.3996e+03   1.5887e+03
000139776    80.2%   0.000Ghz   1.4212e+03   1.5887e+03
000140000    80.4%   0.000Ghz   1.3815e+03   1.5886e+03
000140224    80.5%   0.000Ghz   1.4264e+03   1.5886e+03
000140448    80.6%   0.000Ghz   1.4295e+03   1.5886e+03
000140672    80.7%   0.000Ghz   1.4294e+03   1.5886e+03
000140896    80.9%   0.000Ghz   1.4314e+03   1.5885e+03
000141120    81.0%   0.000Ghz   1.4257e+03   1.5885e+03
000141344    81.1%   0.000Ghz   1.4216e+03   1.5885e+03
000141568    81.3%   0.000Ghz   1.4460e+03   1.5885e+03
000141792    81.4%   0.000Ghz   1.3966e+03   1.5884e+03
000142016    81.5%   0.000Ghz   1.4485e+03   1.5884e+03
000142240    81.6%   0.000Ghz   1.4530e+03   1.5884e+03
000142464    81.8%   0.000Ghz   1.4066e+03   1.5884e+03
000142688    81.9%   0.000Ghz   1.3976e+03   1.5883e+03
000142912    82.0%   0.000Ghz   1.4476e+03   1.5883e+03
000143136    82.2%   0.000Ghz   1.4514e+03   1.5883e+03
000143360    82.3%   0.000Ghz   1.4554e+03   1.5883e+03
000143584    82.4%   0.000Ghz   1.4504e+03   1.5883e+03
000143808    82.5%   0.000Ghz   1.4429e+03   1.5882e+03
000144032    82.7%   0.000Ghz   1.3309e+03   1.5882e+03
000144256    82.8%   0.000Ghz   1.3945e+03   1.5882e+03
000144480    82.9%   0.000Ghz   1.3958e+03   1.5882e+03
000144704    83.1%   0.000Ghz   1.4068e+03   1.5881e+03
000144928    83.2%   0.000Ghz   1.3998e+03   1.5881e+03
000145152    83.3%   0.000Ghz   1.4032e+03   1.5881e+03
000145376    83.4%   0.000Ghz   1.4103e+03   1.5881e+03
000145600    83.6%   0.000Ghz   1.3947e+03   1.5880e+03
000145824    83.7%   0.000Ghz   1.3920e+03   1.5880e+03
000146048    83.8%   0.000Ghz   1.3912e+03   1.5880e+03
000146272    84.0%   0.000Ghz   1.3856e+03   1.5880e+03
000146496    84.1%   0.000Ghz   1.3985e+03   1.5880e+03
000146720    84.2%   0.000Ghz   1.3999e+03   1.5879e+03
000146944    84.3%   0.000Ghz   1.4217e+03   1.5879e+03
000147168    84.5%   0.000Ghz   1.4251e+03   1.5879e+03
000147392    84.6%   0.000Ghz   1.4180e+03   1.5879e+03
000147616    84.7%   0.000Ghz   1.3998e+03   1.5879e+03
000147840    84.9%   0.000Ghz   1.3427e+03   1.5878e+03
000148064    85.0%   0.000Ghz   1.3761e+03   1.5878e+03
000148288    85.1%   0.000Ghz   1.3989e+03   1.5878e+03
000148512    85.2%   0.000Ghz   1.3496e+03   1.5878e+03
000148736    85.4%   0.000Ghz   1.3609e+03   1.5878e+03
000148960    85.5%   0.000Ghz   1.3922e+03   1.5877e+03
000149184    85.6%   0.000Ghz   1.2090e+03   1.5877e+03
000149408    85.8%   0.000Ghz   1.1830e+03   1.5877e+03
000149632    85.9%   0.000Ghz   1.1900e+03   1.5876e+03
000149856    86.0%   0.000Ghz   1.1876e+03   1.5876e+03
000150080    86.1%   0.000Ghz   1.1798e+03   1.5875e+03
000150304    86.3%   0.000Ghz   1.2122e+03   1.5875e+03
000150528    86.4%   0.000Ghz   1.1663e+03   1.5875e+03
000150752    86.5%   0.000Ghz   1.1842e+03   1.5874e+03
000150976    86.7%   0.000Ghz   1.1852e+03   1.5874e+03
000151200    86.8%   0.000Ghz   1.1744e+03   1.5873e+03
000151424    86.9%   0.000Ghz   1.1726e+03   1.5873e+03
000151648    87.0%   0.000Ghz   1.1731e+03   1.5873e+03
000151872    87.2%   0.000Ghz   1.1781e+03   1.5872e+03
000152096    87.3%   0.000Ghz   1.1793e+03   1.5872e+03
000152320    87.4%   0.000Ghz   1.1884e+03   1.5872e+03
000152544    87.6%   0.000Ghz   1.1840e+03   1.5871e+03
000152768    87.7%   0.000Ghz   1.1728e+03   1.5871e+03
000152992    87.8%   0.000Ghz   1.1774e+03   1.5871e+03
000153216    87.9%   0.000Ghz   1.1662e+03   1.5870e+03
000153440    88.1%   0.000Ghz   1.1739e+03   1.5870e+03
000153664    88.2%   0.000Ghz   1.1711e+03   1.5870e+03
000153888    88.3%   0.000Ghz   1.1850e+03   1.5869e+03
000154112    88.5%   0.000Ghz   1.1700e+03   1.5869e+03
000154336    88.6%   0.000Ghz   1.1727e+03   1.5869e+03
000154560    88.7%   0.000Ghz   1.1758e+03   1.5869e+03
000154784    88.8%   0.000Ghz   1.1760e+03   1.5868e+03
000155008    89.0%   0.000Ghz   1.1716e+03   1.5868e+03
000155232    89.1%   0.000Ghz   1.1677e+03   1.5868e+03
000155456    89.2%   0.000Ghz   1.1748e+03   1.5867e+03
000155680    89.4%   0.000Ghz   1.1624e+03   1.5867e+03
000155904    89.5%   0.000Ghz   1.1687e+03   1.5867e+03
000156128    89.6%   0.000Ghz   1.1627e+03   1.5867e+03
000156352    89.7%   0.000Ghz   1.1462e+03   1.5866e+03
000156576    89.9%   0.000Ghz   1.1419e+03   1.5866e+03
000156800    90.0%   0.000Ghz   1.1559e+03   1.5866e+03
000157024    90.1%   0.000Ghz   1.1430e+03   1.5866e+03
000157248    90.3%   0.000Ghz   1.1543e+03   1.5866e+03
000157472    90.4%   0.000Ghz   1.1378e+03   1.5865e+03
000157696    90.5%   0.000Ghz   1.1494e+03   1.5865e+03
000157920    90.6%   0.000Ghz   1.1433e+03   1.5865e+03
000158144    90.8%   0.000Ghz   1.1502e+03   1.5865e+03
000158368    90.9%   0.000Ghz   1.1321e+03   1.5864e+03
000158592    91.0%   0.000Ghz   1.1550e+03   1.5864e+03
000158816    91.2%   0.000Ghz   1.1769e+03   1.5864e+03
000159040    91.3%   0.000Ghz   1.1219e+03   1.5864e+03
000159264    91.4%   0.000Ghz   1.1481e+03   1.5864e+03
000159488    91.5%   0.000Ghz   1.1138e+03   1.5864e+03
000159712    91.7%   0.000Ghz   1.1242e+03   1.5863e+03
000159936    91.8%   0.000Ghz   1.1066e+03   1.5863e+03
000160160    91.9%   0.000Ghz   1.1151e+03   1.5863e+03
000160384    92.1%   0.000Ghz   1.0870e+03   1.5863e+03
000160608    92.2%   0.000Ghz   1.1188e+03   1.5863e+03
000160832    92.3%   0.000Ghz   1.0712e+03   1.5863e+03
000161056    92.4%   0.000Ghz   1.0969e+03   1.5862e+03
000161280    92.6%   0.000Ghz   1.0496e+03   1.5862e+03
000161504    92.7%   0.000Ghz   1.0950e+03   1.5862e+03
000161728    92.8%   0.000Ghz   1.0473e+03   1.5862e+03
000161952    93.0%   0.000Ghz   1.0668e+03   1.5862e+03
000162176    93.1%   0.000Ghz   1.0086e+03   1.5862e+03
000162400    93.2%   0.000Ghz   1.0546e+03   1.5861e+03
000162624    93.3%   0.000Ghz   1.0182e+03   1.5861e+03
000162848    93.5%   0.000Ghz   1.0393e+03   1.5861e+03
000163072    93.6%   0.000Ghz   9.9202e+02   1.5861e+03
000163296    93.7%   0.000Ghz   1.0349e+03   1.5861e+03
000163520    93.9%   0.000Ghz   9.8613e+02   1.5861e+03
000163744    94.0%   0.000Ghz   1.0052e+03   1.5861e+03
000163968    94.1%   0.000Ghz   1.0012e+03   1.5860e+03
000164192    94.2%   0.000Ghz   9.9335e+02   1.5860e+03
000164416    94.4%   0.000Ghz   9.8239e+02   1.5860e+03
000164640    94.5%   0.000Ghz   9.2883e+02   1.5860e+03
000164864    94.6%   0.000Ghz   9.6073e+02   1.5860e+03
000165088    94.8%   0.000Ghz   9.4968e+02   1.5860e+03
000165312    94.9%   0.000Ghz   9.0560e+02   1.5860e+03
000165536    95.0%   0.000Ghz   9.2521e+02   1.5860e+03
000165760    95.1%   0.000Ghz   9.1781e+02   1.5859e+03
000165984    95.3%   0.000Ghz   8.8514e+02   1.5859e+03
000166208    95.4%   0.000Ghz   8.8829e+02   1.5859e+03
000166432    95.5%   0.000Ghz   8.1565e+02   1.5859e+03
000166656    95.7%   0.000Ghz   8.4351e+02   1.5859e+03
000166880    95.8%   0.000Ghz   8.3753e+02   1.5859e+03
000167104    95.9%   0.000Ghz   8.5194e+02   1.5859e+03
000167328    96.0%   0.000Ghz   8.0665e+02   1.5859e+03
000167552    96.2%   0.000Ghz   8.1014e+02   1.5859e+03
000167776    96.3%   0.000Ghz   8.2848e+02   1.5859e+03
000168000    96.4%   0.000Ghz   8.2351e+02   1.5859e+03
000168224    96.6%   0.000Ghz   8.1183e+02   1.5858e+03
000168448    96.7%   0.000Ghz   7.9418e+02   1.5858e+03
000168672    96.8%   0.000Ghz   7.4579e+02   1.5858e+03
000168896    96.9%   0.000Ghz   7.6209e+02   1.5858e+03
000169120    97.1%   0.000Ghz   7.4947e+02   1.5858e+03
000169344    97.2%   0.000Ghz   7.4449e+02   1.5858e+03
000169568    97.3%   0.000Ghz   7.2959e+02   1.5858e+03
000169792    97.5%   0.000Ghz   7.3514e+02   1.5858e+03
000170016    97.6%   0.000Ghz   7.2735e+02   1.5858e+03
000170240    97.7%   0.000Ghz   5.9979e+02   1.5858e+03
000170464    97.8%   0.000Ghz   6.2078e+02   1.5858e+03
000170688    98.0%   0.000Ghz   6.2992e+02   1.5858e+03
000170912    98.1%   0.000Ghz   5.8683e+02   1.5858e+03
000171136    98.2%   0.000Ghz   5.7444e+02   1.5858e+03
000171360    98.4%   0.000Ghz   5.3191e+02   1.5858e+03
000171584    98.5%   0.000Ghz   5.0522e+02   1.5858e+03
000171808    98.6%   0.000Ghz   4.1001e+02   1.5858e+03
000172032    98.7%   0.000Ghz   3.7839e+02   1.5858e+03
000172256    98.9%   0.000Ghz   3.2560e+02   1.5858e+03
000172480    99.0%   0.000Ghz   2.9820e+02   1.5858e+03
000172704    99.1%   0.000Ghz   2.5004e+02   1.5858e+03
000172928    99.3%   0.000Ghz   2.0555e+02   1.5857e+03
000173152    99.4%   0.000Ghz   1.6174e+02   1.5857e+03
000173376    99.5%   0.000Ghz   9.3525e+01   1.5857e+03
000173600    99.6%   0.000Ghz   6.2235e+01   1.5857e+03
000173824    99.8%   0.000Ghz   2.2517e+01   1.5857e+03
000174048    99.9%   0.000Ghz   1.6427e+01   1.5857e+03
================================================================================
T/V        SWP            N    NB     P     Q            Time             Gflops
--------------------------------------------------------------------------------
WR17R8C30c 211       174232   224     1     1         2225.61         1.5843e+03
HPL_pdgesv() start time Fri May 17 18:53:07 2024
HPL_pdgesv() end time   Fri May 17 19:30:13 2024
--VVV--VVV--VVV--VVV--VVV--VVV--VVV--VVV--VVV--VVV--VVV--VVV--VVV--VVV--VVV-
Timing Phase                                     Min         Avg         Max
rfact . . . . . . . . . . . . . . :            13.98       13.98       13.98
    pfact . . . . . . . . . . . . :             7.15        7.15        7.15
    mxswp . . . . . . . . . . . . :             0.44        0.44        0.44
update  . . . . . . . . . . . . . :          2209.60     2209.60     2209.60
    dtrsm . . . . . . . . . . . . :            12.00       12.00       12.00
    dgemm . . . . . . . . . . . . :          2095.90     2095.90     2095.90
    laswp . . . . . . . . . . . . :           101.69      101.69      101.69
pbcst . . . . . . . . . . . . . . :             0.00        0.00        0.00
    init  . . . . . . . . . . . . :             0.00        0.00        0.00
    cast  . . . . . . . . . . . . :             0.00        0.00        0.00
    wait  . . . . . . . . . . . . :             0.00        0.00        0.00
ptrsv . . . . . . . . . . . . . . :             1.98        1.98        1.98
================================================================================
--------------------------------------------------------------------------------
||Ax-b||_oo/(eps*(||A||_oo*||x||_oo+||b||_oo)*N)=   3.89989604e-03 ...... PASSED
================================================================================

Finished      1 tests with the following results:
              1 tests completed and passed residual checks,
              0 tests completed and failed residual checks,
              0 tests skipped because of illegal input values.
--------------------------------------------------------------------------------

End of Tests.
================================================================================
