================================================================================
AMD Zen HPL 2023_07_18
================================================================================
Dervied from:
HPLinpack 2.3  --  High-Performance Linpack benchmark  --   December 2, 2018
Written by A. Petitet and R. Clint Whaley,  Innovative Computing Laboratory, UTK
Modified by Piotr Luszczek, Innovative Computing Laboratory, UTK
Modified by Julien Langou, University of Colorado Denver
================================================================================

An explanation of the input/output parameters follows:
T/V    : Wall time / encoded variant.
N      : The order of the coefficient matrix A.
NB     : The partitioning blocking factor.
P      : The number of process rows.
Q      : The number of process columns.
Time   : Time in seconds to solve the linear system.
Gflops : Rate of execution for solving the linear system.

The following parameter values will be used:

N      :  183120 
NB     :     240 
PMAP   : Row-major process mapping
P      :       2 
Q      :       2 
PFACT  :   Crout 
NBMIN  :      30 
NDIV   :       8 
RFACT  :   Right 
BCAST  :  HybBcast 
DEPTH  :       1 
SWAP   : (211) Spread-roll
L1     : transposed form
A      : no-transposed form (ColMajor)
EQUIL  : no
ALIGN  : 8 double precision words
MXSWP  : (1/c) Collective 

--------------------------------------------------------------------------------

- The matrix A is randomly generated for each test.
- The following scaled residual check will be computed:
      ||Ax-b||_oo / ( eps * ( || x ||_oo * || A ||_oo + || b ||_oo ) * N )
- The relative machine precision (eps) is taken to be               1.110223e-16
- Computational tests pass if scaled residuals are less than                16.0

Failed to open cycle counter.  Clock Speed will not report.
   Column Complete      eFreq     Cur Rate     Est Rate
000000240     0.1%   0.000Ghz   5.1704e+02   5.1704e+02
000000480     0.3%   0.000Ghz   5.8037e+01   1.0447e+02
000000720     0.4%   0.000Ghz   3.1447e+01   5.8956e+01
000000960     0.5%   0.000Ghz   3.8306e+01   5.1978e+01
000001200     0.7%   0.000Ghz   5.8645e+01   5.3181e+01
000001440     0.8%   0.000Ghz   2.2003e+01   4.3075e+01
000001680     0.9%   0.000Ghz   3.3956e+01   4.1496e+01
000001920     1.0%   0.000Ghz   3.4380e+01   4.0459e+01
000002160     1.2%   0.000Ghz   3.0313e+01   3.9023e+01
000002400     1.3%   0.000Ghz   3.6561e+01   3.8765e+01
================================================================================
T/V        SWP            N    NB     P     Q            Time             Gflops
--------------------------------------------------------------------------------
WR17R8C30c 211       183120   240     2     2         4750.96         8.6167e+02
HPL_pdgesv() start time Thu May 16 17:14:48 2024
HPL_pdgesv() end time   Thu May 16 18:33:59 2024
================================================================================

Finished      1 tests with the following results:
              0 tests completed and passed residual checks,
              0 tests completed and failed residual checks,
              1 tests skipped because of illegal input values.
--------------------------------------------------------------------------------

End of Tests.
================================================================================
